This file contains any messages produced by compilers while
running configure, to aid debugging if configure makes a mistake.

It was created by FreeType configure 2.10.4, which was
generated by GNU Autoconf 2.69.  Invocation command line was

  $ ./configure --prefix=/usr/local/iphone --host=arm-apple-darwin --enable-static=yes --enable-shared=no CC=/Applications/Xcode.app/Contents/Developer/Toolchains/XcodeDefault.xctoolchain/usr/bin/clang CFLAGS=-arch arm64 -pipe -mdynamic-no-pic -std=c99 -Wno-trigraphs -fpascal-strings -O2 -Wreturn-type -Wunused-variable -fmessage-length=0 -fvisibility=hidden -miphoneos-version-min=14.5 -I/Applications/Xcode.app/Contents/Developer/Platforms/iPhoneOS.platform/Developer/SDKs/iPhoneOS.sdk/usr/include/libxml2 -isysroot /Applications/Xcode.app/Contents/Developer/Platforms/iPhoneOS.platform/Developer/SDKs/iPhoneOS.sdk CPP=/Applications/Xcode.app/Contents/Developer/Toolchains/XcodeDefault.xctoolchain/usr/bin/clang++ AR=/Applications/Xcode.app/Contents/Developer/Toolchains/XcodeDefault.xctoolchain/usr/bin/ar LDFLAGS=-arch arm64 -isysroot  /Applications/Xcode.app/Contents/Developer/Platforms/iPhoneOS.platform/Developer/SDKs/iPhoneOS.sdk  -miphoneos-version-min=14.5

## --------- ##
## Platform. ##
## --------- ##

hostname = B16
uname -m = x86_64
uname -r = 20.3.0
uname -s = Darwin
uname -v = Darwin Kernel Version 20.3.0: Thu Jan 21 00:07:06 PST 2021; root:xnu-7195.81.3~1/RELEASE_X86_64

/usr/bin/uname -p = i386
/bin/uname -X     = unknown

/bin/arch              = unknown
/usr/bin/arch -k       = unknown
/usr/convex/getsysinfo = unknown
/usr/bin/hostinfo      = Mach kernel version:
	 Darwin Kernel Version 20.3.0: Thu Jan 21 00:07:06 PST 2021; root:xnu-7195.81.3~1/RELEASE_X86_64
Kernel configured for up to 16 processors.
8 processors are physically available.
16 processors are logically available.
Processor type: x86_64h (Intel x86-64h Haswell)
Processors active: 0 1 2 3 4 5 6 7 8 9 10 11 12 13 14 15
Primary memory available: 16.00 gigabytes
Default processor set: 675 tasks, 4042 threads, 16 processors
Load average: 3.88, Mach factor: 12.13
/bin/machine           = unknown
/usr/bin/oslevel       = unknown
/bin/universe          = unknown

PATH: /usr/local/opt/ccache/libexec
PATH: /Volumes/Fuchsia/fuchsia/tools/devshell/lib/
PATH: /Volumes/Fuchsia/fuchsia/.jiri_root/bin
PATH: /usr/local/Cellar/llvm/11.0.0/bin
PATH: /Users/bbarrows/repos/shopify-app-cli/bin
PATH: /usr/local/texlive/2020/bin/x86_64-darwin/
PATH: /Users/bbarrows/google-cloud-sdk/bin
PATH: /Users/bbarrows/Library/Python/2.7/bin/
PATH: /Users/bbarrows/pin-3.15
PATH: /usr/local/opt/gettext/bin
PATH: /usr/local/opt/icu4c/sbin
PATH: /usr/local/opt/icu4c/bin
PATH: /usr/local/opt/icu4c/sbin
PATH: /usr/local/opt/icu4c/bin
PATH: /opt/theos/bin
PATH: /usr/local/opt/gnu-tar/libexec/gnubin
PATH: /opt/MonkeyDev/bin
PATH: /usr/local/opt/swig@3/bin
PATH: /usr/local/opt/libxml2/bin
PATH: /usr/local/opt/openssl@1.1/bin
PATH: /usr/local/opt/bison/bin
PATH: /Users/bbarrows/.nimble/bin
PATH: /usr/local/opt/gnu-sed/libexec/gnubin
PATH: /usr/local/opt/sqlite/bin
PATH: /usr/local/opt/gettext/bin
PATH: /usr/local/opt/bison/bin
PATH: /Users/bbarrows/nand2tetris/tools/
PATH: /Users/bbarrows/.cargo/bin
PATH: /Users/bbarrows/.cargo/bin
PATH: /Users/bbarrows/.cargo/bin
PATH: /Users/bbarrows/MyShell/scripts
PATH: /usr/local/opt/mysql-client/bin
PATH: /Users/bbarrows/bin
PATH: /usr/local/bin
PATH: /opt/local/bin/
PATH: /Users/bbarrows/.zinit/polaris/sbin
PATH: /Users/bbarrows/.zinit/polaris/bin
PATH: /opt/local/bin
PATH: /opt/local/sbin
PATH: /Users/bbarrows/.cargo/bin
PATH: /usr/local/bin
PATH: /usr/bin
PATH: /bin
PATH: /usr/sbin
PATH: /sbin
PATH: /Applications/VMware Fusion.app/Contents/Public
PATH: /Library/TeX/texbin
PATH: /usr/local/share/dotnet
PATH: /opt/X11/bin
PATH: ~/.dotnet/tools
PATH: /Library/Apple/usr/bin
PATH: /Library/Frameworks/Mono.framework/Versions/Current/Commands
PATH: /Users/bbarrows/.local/bin
PATH: /Users/bbarrows/go-workspace/bin
PATH: /usr/local/opt/go/libexec/bin
PATH: /Users/bbarrows/.cargo/bin
PATH: /Users/bbarrows/.local/bin
PATH: /Users/bbarrows/Library/Python/3.9/bin
PATH: /usr/local/opt/fzf/bin


## ----------- ##
## Core tests. ##
## ----------- ##

configure:2558: checking build system type
configure:2572: result: x86_64-apple-darwin20.3.0
configure:2592: checking host system type
configure:2605: result: arm-apple-darwin
configure:2637: checking for arm-apple-darwin-gcc
configure:2664: result: /Applications/Xcode.app/Contents/Developer/Toolchains/XcodeDefault.xctoolchain/usr/bin/clang
configure:2933: checking for C compiler version
configure:2942: /Applications/Xcode.app/Contents/Developer/Toolchains/XcodeDefault.xctoolchain/usr/bin/clang --version >&5
Apple clang version 12.0.5 (clang-1205.0.22.9)
Target: x86_64-apple-darwin20.3.0
Thread model: posix
InstalledDir: /Applications/Xcode.app/Contents/Developer/Toolchains/XcodeDefault.xctoolchain/usr/bin
configure:2953: $? = 0
configure:2942: /Applications/Xcode.app/Contents/Developer/Toolchains/XcodeDefault.xctoolchain/usr/bin/clang -v >&5
Apple clang version 12.0.5 (clang-1205.0.22.9)
Target: x86_64-apple-darwin20.3.0
Thread model: posix
InstalledDir: /Applications/Xcode.app/Contents/Developer/Toolchains/XcodeDefault.xctoolchain/usr/bin
configure:2953: $? = 0
configure:2942: /Applications/Xcode.app/Contents/Developer/Toolchains/XcodeDefault.xctoolchain/usr/bin/clang -V >&5
clang: error: argument to '-V' is missing (expected 1 value)
clang: error: no input files
configure:2953: $? = 1
configure:2942: /Applications/Xcode.app/Contents/Developer/Toolchains/XcodeDefault.xctoolchain/usr/bin/clang -qversion >&5
clang: error: unknown argument '-qversion'; did you mean '--version'?
clang: error: no input files
configure:2953: $? = 1
configure:2978: 
configure:2982: $? = 0
configure:3021: result: 
configure:3043: checking whether we are cross compiling
configure:3051: /Applications/Xcode.app/Contents/Developer/Toolchains/XcodeDefault.xctoolchain/usr/bin/clang -o conftest -arch arm64 -pipe -mdynamic-no-pic -std=c99 -Wno-trigraphs -fpascal-strings -O2 -Wreturn-type -Wunused-variable -fmessage-length=0 -fvisibility=hidden -miphoneos-version-min=14.5 -I/Applications/Xcode.app/Contents/Developer/Platforms/iPhoneOS.platform/Developer/SDKs/iPhoneOS.sdk/usr/include/libxml2 -isysroot /Applications/Xcode.app/Contents/Developer/Platforms/iPhoneOS.platform/Developer/SDKs/iPhoneOS.sdk  -arch arm64 -isysroot  /Applications/Xcode.app/Contents/Developer/Platforms/iPhoneOS.platform/Developer/SDKs/iPhoneOS.sdk  -miphoneos-version-min=14.5 conftest.c  >&5
configure:3055: $? = 0
configure:3062: ./conftest
./configure: line 3064: ./conftest: Bad CPU type in executable
configure:3066: $? = 126
configure:3081: result: yes
configure:3086: checking for suffix of object files
configure:3108: /Applications/Xcode.app/Contents/Developer/Toolchains/XcodeDefault.xctoolchain/usr/bin/clang -c -arch arm64 -pipe -mdynamic-no-pic -std=c99 -Wno-trigraphs -fpascal-strings -O2 -Wreturn-type -Wunused-variable -fmessage-length=0 -fvisibility=hidden -miphoneos-version-min=14.5 -I/Applications/Xcode.app/Contents/Developer/Platforms/iPhoneOS.platform/Developer/SDKs/iPhoneOS.sdk/usr/include/libxml2 -isysroot /Applications/Xcode.app/Contents/Developer/Platforms/iPhoneOS.platform/Developer/SDKs/iPhoneOS.sdk  conftest.c >&5
configure:3112: $? = 0
configure:3130: result: o
configure:3134: checking whether we are using the GNU C compiler
configure:3153: /Applications/Xcode.app/Contents/Developer/Toolchains/XcodeDefault.xctoolchain/usr/bin/clang -c -arch arm64 -pipe -mdynamic-no-pic -std=c99 -Wno-trigraphs -fpascal-strings -O2 -Wreturn-type -Wunused-variable -fmessage-length=0 -fvisibility=hidden -miphoneos-version-min=14.5 -I/Applications/Xcode.app/Contents/Developer/Platforms/iPhoneOS.platform/Developer/SDKs/iPhoneOS.sdk/usr/include/libxml2 -isysroot /Applications/Xcode.app/Contents/Developer/Platforms/iPhoneOS.platform/Developer/SDKs/iPhoneOS.sdk  conftest.c >&5
configure:3153: $? = 0
configure:3162: result: yes
configure:3171: checking whether /Applications/Xcode.app/Contents/Developer/Toolchains/XcodeDefault.xctoolchain/usr/bin/clang accepts -g
configure:3191: /Applications/Xcode.app/Contents/Developer/Toolchains/XcodeDefault.xctoolchain/usr/bin/clang -c -g  conftest.c >&5
configure:3191: $? = 0
configure:3232: result: yes
configure:3249: checking for /Applications/Xcode.app/Contents/Developer/Toolchains/XcodeDefault.xctoolchain/usr/bin/clang option to accept ISO C89
configure:3312: /Applications/Xcode.app/Contents/Developer/Toolchains/XcodeDefault.xctoolchain/usr/bin/clang  -c -arch arm64 -pipe -mdynamic-no-pic -std=c99 -Wno-trigraphs -fpascal-strings -O2 -Wreturn-type -Wunused-variable -fmessage-length=0 -fvisibility=hidden -miphoneos-version-min=14.5 -I/Applications/Xcode.app/Contents/Developer/Platforms/iPhoneOS.platform/Developer/SDKs/iPhoneOS.sdk/usr/include/libxml2 -isysroot /Applications/Xcode.app/Contents/Developer/Platforms/iPhoneOS.platform/Developer/SDKs/iPhoneOS.sdk  conftest.c >&5
configure:3312: $? = 0
configure:3325: result: none needed
configure:3415: result: /Applications/Xcode.app/Contents/Developer/Toolchains/XcodeDefault.xctoolchain/usr/bin/clang++
configure:3435: /Applications/Xcode.app/Contents/Developer/Toolchains/XcodeDefault.xctoolchain/usr/bin/clang++  conftest.c
clang: warning: treating 'c' input as 'c++' when in C++ mode, this behavior is deprecated [-Wdeprecated]
conftest.c:14:8: error: unknown type name 'Syntax'
                     Syntax error
                     ^
conftest.c:14:20: error: expected ';' after top level declarator
                     Syntax error
                                 ^
                                 ;
2 errors generated.
configure:3435: $? = 1
configure: failed program was:
| /* confdefs.h */
| #define PACKAGE_NAME "FreeType"
| #define PACKAGE_TARNAME "freetype"
| #define PACKAGE_VERSION "2.10.4"
| #define PACKAGE_STRING "FreeType 2.10.4"
| #define PACKAGE_BUGREPORT "freetype@nongnu.org"
| #define PACKAGE_URL ""
| /* end confdefs.h.  */
| #ifdef __STDC__
| # include <limits.h>
| #else
| # include <assert.h>
| #endif
| 		     Syntax error
configure:3435: /Applications/Xcode.app/Contents/Developer/Toolchains/XcodeDefault.xctoolchain/usr/bin/clang++  conftest.c
clang: warning: treating 'c' input as 'c++' when in C++ mode, this behavior is deprecated [-Wdeprecated]
conftest.c:14:8: error: unknown type name 'Syntax'
                     Syntax error
                     ^
conftest.c:14:20: error: expected ';' after top level declarator
                     Syntax error
                                 ^
                                 ;
2 errors generated.
configure:3435: $? = 1
configure: failed program was:
| /* confdefs.h */
| #define PACKAGE_NAME "FreeType"
| #define PACKAGE_TARNAME "freetype"
| #define PACKAGE_VERSION "2.10.4"
| #define PACKAGE_STRING "FreeType 2.10.4"
| #define PACKAGE_BUGREPORT "freetype@nongnu.org"
| #define PACKAGE_URL ""
| /* end confdefs.h.  */
| #ifdef __STDC__
| # include <limits.h>
| #else
| # include <assert.h>
| #endif
| 		     Syntax error
configure:3483: checking for arm-apple-darwin-pkg-config
configure:3516: result: no
configure:3526: checking for pkg-config
configure:3544: found /usr/local/bin/pkg-config
configure:3556: result: /usr/local/bin/pkg-config
configure:3568: WARNING: using cross tools not prefixed with host triplet
configure:3581: checking pkg-config is at least version 0.24
configure:3584: result: yes
configure:3639: checking how to print strings
configure:3666: result: printf
configure:3687: checking for a sed that does not truncate output
configure:3751: result: /usr/local/opt/gnu-sed/libexec/gnubin/sed
configure:3769: checking for grep that handles long lines and -e
configure:3827: result: /usr/bin/grep
configure:3832: checking for egrep
configure:3894: result: /usr/bin/grep -E
configure:3899: checking for fgrep
configure:3961: result: /usr/bin/grep -F
configure:3996: checking for ld used by /Applications/Xcode.app/Contents/Developer/Toolchains/XcodeDefault.xctoolchain/usr/bin/clang
configure:4063: result: /Applications/Xcode.app/Contents/Developer/Toolchains/XcodeDefault.xctoolchain/usr/bin/ld
configure:4070: checking if the linker (/Applications/Xcode.app/Contents/Developer/Toolchains/XcodeDefault.xctoolchain/usr/bin/ld) is GNU ld
configure:4085: result: no
configure:4097: checking for BSD- or MS-compatible name lister (nm)
configure:4151: result: no
configure:4165: checking for arm-apple-darwin-dumpbin
configure:4195: result: no
configure:4165: checking for arm-apple-darwin-link
configure:4195: result: no
configure:4209: checking for dumpbin
configure:4239: result: no
configure:4209: checking for link
configure:4225: found /bin/link
configure:4236: result: link -dump
configure:4281: checking the name lister (nm) interface
configure:4288: /Applications/Xcode.app/Contents/Developer/Toolchains/XcodeDefault.xctoolchain/usr/bin/clang -c -arch arm64 -pipe -mdynamic-no-pic -std=c99 -Wno-trigraphs -fpascal-strings -O2 -Wreturn-type -Wunused-variable -fmessage-length=0 -fvisibility=hidden -miphoneos-version-min=14.5 -I/Applications/Xcode.app/Contents/Developer/Platforms/iPhoneOS.platform/Developer/SDKs/iPhoneOS.sdk/usr/include/libxml2 -isysroot /Applications/Xcode.app/Contents/Developer/Platforms/iPhoneOS.platform/Developer/SDKs/iPhoneOS.sdk  conftest.c >&5
configure:4291: nm "conftest.o"
configure:4294: output
0000000000000000 S _some_variable
0000000000000000 t ltmp0
0000000000000000 s ltmp1
configure:4301: result: BSD nm
configure:4304: checking whether ln -s works
configure:4308: result: yes
configure:4316: checking the maximum length of command line arguments
configure:4447: result: 786432
configure:4495: checking how to convert x86_64-apple-darwin20.3.0 file names to arm-apple-darwin format
configure:4535: result: func_convert_file_noop
configure:4542: checking how to convert x86_64-apple-darwin20.3.0 file names to toolchain format
configure:4562: result: func_convert_file_noop
configure:4569: checking for /Applications/Xcode.app/Contents/Developer/Toolchains/XcodeDefault.xctoolchain/usr/bin/ld option to reload object files
configure:4576: result: -r
configure:4610: checking for arm-apple-darwin-objdump
configure:4640: result: no
configure:4650: checking for objdump
configure:4666: found /usr/bin/objdump
configure:4677: result: objdump
configure:4706: checking how to recognize dependent libraries
configure:4906: result: pass_all
configure:4951: checking for arm-apple-darwin-dlltool
configure:4981: result: no
configure:4991: checking for dlltool
configure:5021: result: no
configure:5048: checking how to associate runtime and link libraries
configure:5075: result: printf %s\n
configure:5092: checking for arm-apple-darwin-ar
configure:5119: result: /Applications/Xcode.app/Contents/Developer/Toolchains/XcodeDefault.xctoolchain/usr/bin/ar
configure:5200: checking for archiver @FILE support
configure:5217: /Applications/Xcode.app/Contents/Developer/Toolchains/XcodeDefault.xctoolchain/usr/bin/clang -c -arch arm64 -pipe -mdynamic-no-pic -std=c99 -Wno-trigraphs -fpascal-strings -O2 -Wreturn-type -Wunused-variable -fmessage-length=0 -fvisibility=hidden -miphoneos-version-min=14.5 -I/Applications/Xcode.app/Contents/Developer/Platforms/iPhoneOS.platform/Developer/SDKs/iPhoneOS.sdk/usr/include/libxml2 -isysroot /Applications/Xcode.app/Contents/Developer/Platforms/iPhoneOS.platform/Developer/SDKs/iPhoneOS.sdk  conftest.c >&5
configure:5217: $? = 0
configure:5220: /Applications/Xcode.app/Contents/Developer/Toolchains/XcodeDefault.xctoolchain/usr/bin/ar cru libconftest.a @conftest.lst >&5
ar: @conftest.lst: No such file or directory
configure:5223: $? = 1
configure:5243: result: no
configure:5261: checking for arm-apple-darwin-strip
configure:5291: result: no
configure:5301: checking for strip
configure:5317: found /usr/bin/strip
configure:5328: result: strip
configure:5360: checking for arm-apple-darwin-ranlib
configure:5390: result: no
configure:5400: checking for ranlib
configure:5416: found /usr/bin/ranlib
configure:5427: result: ranlib
configure:5504: checking for gawk
configure:5520: found /usr/local/bin/gawk
configure:5531: result: gawk
configure:5571: checking command to parse nm output from /Applications/Xcode.app/Contents/Developer/Toolchains/XcodeDefault.xctoolchain/usr/bin/clang object
configure:5724: /Applications/Xcode.app/Contents/Developer/Toolchains/XcodeDefault.xctoolchain/usr/bin/clang -c -arch arm64 -pipe -mdynamic-no-pic -std=c99 -Wno-trigraphs -fpascal-strings -O2 -Wreturn-type -Wunused-variable -fmessage-length=0 -fvisibility=hidden -miphoneos-version-min=14.5 -I/Applications/Xcode.app/Contents/Developer/Platforms/iPhoneOS.platform/Developer/SDKs/iPhoneOS.sdk/usr/include/libxml2 -isysroot /Applications/Xcode.app/Contents/Developer/Platforms/iPhoneOS.platform/Developer/SDKs/iPhoneOS.sdk  conftest.c >&5
configure:5727: $? = 0
configure:5731: nm conftest.o \| sed -n -e 's/^.*[ ]\([BCDEGRST][BCDEGRST]*\)[ ][ ]*\([_A-Za-z][_A-Za-z0-9]*\)$/\1 \2 \2/p' | sed '/ __gnu_lto/d' \> conftest.nm
configure:5734: $? = 0
cannot find nm_test_var in conftest.nm
configure:5724: /Applications/Xcode.app/Contents/Developer/Toolchains/XcodeDefault.xctoolchain/usr/bin/clang -c -arch arm64 -pipe -mdynamic-no-pic -std=c99 -Wno-trigraphs -fpascal-strings -O2 -Wreturn-type -Wunused-variable -fmessage-length=0 -fvisibility=hidden -miphoneos-version-min=14.5 -I/Applications/Xcode.app/Contents/Developer/Platforms/iPhoneOS.platform/Developer/SDKs/iPhoneOS.sdk/usr/include/libxml2 -isysroot /Applications/Xcode.app/Contents/Developer/Platforms/iPhoneOS.platform/Developer/SDKs/iPhoneOS.sdk  conftest.c >&5
configure:5727: $? = 0
configure:5731: nm conftest.o \| sed -n -e 's/^.*[ ]\([BCDEGRST][BCDEGRST]*\)[ ][ ]*_\([_A-Za-z][_A-Za-z0-9]*\)$/\1 _\2 \2/p' | sed '/ __gnu_lto/d' \> conftest.nm
configure:5734: $? = 0
configure:5800: /Applications/Xcode.app/Contents/Developer/Toolchains/XcodeDefault.xctoolchain/usr/bin/clang -o conftest -arch arm64 -pipe -mdynamic-no-pic -std=c99 -Wno-trigraphs -fpascal-strings -O2 -Wreturn-type -Wunused-variable -fmessage-length=0 -fvisibility=hidden -miphoneos-version-min=14.5 -I/Applications/Xcode.app/Contents/Developer/Platforms/iPhoneOS.platform/Developer/SDKs/iPhoneOS.sdk/usr/include/libxml2 -isysroot /Applications/Xcode.app/Contents/Developer/Platforms/iPhoneOS.platform/Developer/SDKs/iPhoneOS.sdk  -arch arm64 -isysroot  /Applications/Xcode.app/Contents/Developer/Platforms/iPhoneOS.platform/Developer/SDKs/iPhoneOS.sdk  -miphoneos-version-min=14.5 conftest.c conftstm.o >&5
configure:5803: $? = 0
configure:5841: result: ok
configure:5888: checking for sysroot
configure:5918: result: no
configure:5925: checking for a working dd
configure:5963: result: /bin/dd
configure:5967: checking how to truncate binary pipes
configure:5982: result: /bin/dd bs=4096 count=1
configure:6271: checking for arm-apple-darwin-mt
configure:6301: result: no
configure:6311: checking for mt
configure:6341: result: no
configure:6361: checking if : is a manifest tool
configure:6367: : '-?'
configure:6375: result: no
configure:6391: checking for arm-apple-darwin-dsymutil
configure:6421: result: no
configure:6431: checking for dsymutil
configure:6447: found /usr/bin/dsymutil
configure:6458: result: dsymutil
configure:6483: checking for arm-apple-darwin-nmedit
configure:6513: result: no
configure:6523: checking for nmedit
configure:6539: found /usr/bin/nmedit
configure:6550: result: nmedit
configure:6575: checking for arm-apple-darwin-lipo
configure:6605: result: no
configure:6615: checking for lipo
configure:6631: found /usr/bin/lipo
configure:6642: result: lipo
configure:6667: checking for arm-apple-darwin-otool
configure:6697: result: no
configure:6707: checking for otool
configure:6723: found /usr/bin/otool
configure:6734: result: otool
configure:6759: checking for arm-apple-darwin-otool64
configure:6789: result: no
configure:6799: checking for otool64
configure:6829: result: no
configure:6874: checking for -single_module linker flag
/Applications/Xcode.app/Contents/Developer/Toolchains/XcodeDefault.xctoolchain/usr/bin/clang -arch arm64 -pipe -mdynamic-no-pic -std=c99 -Wno-trigraphs -fpascal-strings -O2 -Wreturn-type -Wunused-variable -fmessage-length=0 -fvisibility=hidden -miphoneos-version-min=14.5 -I/Applications/Xcode.app/Contents/Developer/Platforms/iPhoneOS.platform/Developer/SDKs/iPhoneOS.sdk/usr/include/libxml2 -isysroot /Applications/Xcode.app/Contents/Developer/Platforms/iPhoneOS.platform/Developer/SDKs/iPhoneOS.sdk -arch arm64 -isysroot  /Applications/Xcode.app/Contents/Developer/Platforms/iPhoneOS.platform/Developer/SDKs/iPhoneOS.sdk  -miphoneos-version-min=14.5 -o libconftest.dylib -dynamiclib -Wl,-single_module conftest.c
configure:6907: result: yes
configure:6910: checking for -exported_symbols_list linker flag
configure:6930: /Applications/Xcode.app/Contents/Developer/Toolchains/XcodeDefault.xctoolchain/usr/bin/clang -o conftest -arch arm64 -pipe -mdynamic-no-pic -std=c99 -Wno-trigraphs -fpascal-strings -O2 -Wreturn-type -Wunused-variable -fmessage-length=0 -fvisibility=hidden -miphoneos-version-min=14.5 -I/Applications/Xcode.app/Contents/Developer/Platforms/iPhoneOS.platform/Developer/SDKs/iPhoneOS.sdk/usr/include/libxml2 -isysroot /Applications/Xcode.app/Contents/Developer/Platforms/iPhoneOS.platform/Developer/SDKs/iPhoneOS.sdk  -arch arm64 -isysroot  /Applications/Xcode.app/Contents/Developer/Platforms/iPhoneOS.platform/Developer/SDKs/iPhoneOS.sdk  -miphoneos-version-min=14.5 -Wl,-exported_symbols_list,conftest.sym conftest.c  >&5
ld: warning: cannot export hidden symbol _main from /var/folders/71/9mq30qj949n0359h3qwdv10h0000gn/T/conftest-ccc992.o
configure:6930: $? = 0
configure:6940: result: yes
configure:6943: checking for -force_load linker flag
/Applications/Xcode.app/Contents/Developer/Toolchains/XcodeDefault.xctoolchain/usr/bin/clang -arch arm64 -pipe -mdynamic-no-pic -std=c99 -Wno-trigraphs -fpascal-strings -O2 -Wreturn-type -Wunused-variable -fmessage-length=0 -fvisibility=hidden -miphoneos-version-min=14.5 -I/Applications/Xcode.app/Contents/Developer/Platforms/iPhoneOS.platform/Developer/SDKs/iPhoneOS.sdk/usr/include/libxml2 -isysroot /Applications/Xcode.app/Contents/Developer/Platforms/iPhoneOS.platform/Developer/SDKs/iPhoneOS.sdk -c -o conftest.o conftest.c
/Applications/Xcode.app/Contents/Developer/Toolchains/XcodeDefault.xctoolchain/usr/bin/ar cru libconftest.a conftest.o
ranlib libconftest.a
/Applications/Xcode.app/Contents/Developer/Toolchains/XcodeDefault.xctoolchain/usr/bin/clang -arch arm64 -pipe -mdynamic-no-pic -std=c99 -Wno-trigraphs -fpascal-strings -O2 -Wreturn-type -Wunused-variable -fmessage-length=0 -fvisibility=hidden -miphoneos-version-min=14.5 -I/Applications/Xcode.app/Contents/Developer/Platforms/iPhoneOS.platform/Developer/SDKs/iPhoneOS.sdk/usr/include/libxml2 -isysroot /Applications/Xcode.app/Contents/Developer/Platforms/iPhoneOS.platform/Developer/SDKs/iPhoneOS.sdk -arch arm64 -isysroot  /Applications/Xcode.app/Contents/Developer/Platforms/iPhoneOS.platform/Developer/SDKs/iPhoneOS.sdk  -miphoneos-version-min=14.5 -o conftest conftest.c -Wl,-force_load,./libconftest.a
configure:6975: result: yes
configure:7048: checking for ANSI C header files
configure:7068: /Applications/Xcode.app/Contents/Developer/Toolchains/XcodeDefault.xctoolchain/usr/bin/clang -c -arch arm64 -pipe -mdynamic-no-pic -std=c99 -Wno-trigraphs -fpascal-strings -O2 -Wreturn-type -Wunused-variable -fmessage-length=0 -fvisibility=hidden -miphoneos-version-min=14.5 -I/Applications/Xcode.app/Contents/Developer/Platforms/iPhoneOS.platform/Developer/SDKs/iPhoneOS.sdk/usr/include/libxml2 -isysroot /Applications/Xcode.app/Contents/Developer/Platforms/iPhoneOS.platform/Developer/SDKs/iPhoneOS.sdk  conftest.c >&5
configure:7068: $? = 0
clang: warning: treating 'c' input as 'c++' when in C++ mode, this behavior is deprecated [-Wdeprecated]
In file included from conftest.c:9:
/Applications/Xcode.app/Contents/Developer/Toolchains/XcodeDefault.xctoolchain/usr/bin/../include/c++/v1/string.h:60:15: fatal error: 'string.h' file not found
#include_next <string.h>
              ^~~~~~~~~~
1 error generated.
configure:7152: result: no
configure:7165: checking for sys/types.h
configure:7165: /Applications/Xcode.app/Contents/Developer/Toolchains/XcodeDefault.xctoolchain/usr/bin/clang -c -arch arm64 -pipe -mdynamic-no-pic -std=c99 -Wno-trigraphs -fpascal-strings -O2 -Wreturn-type -Wunused-variable -fmessage-length=0 -fvisibility=hidden -miphoneos-version-min=14.5 -I/Applications/Xcode.app/Contents/Developer/Platforms/iPhoneOS.platform/Developer/SDKs/iPhoneOS.sdk/usr/include/libxml2 -isysroot /Applications/Xcode.app/Contents/Developer/Platforms/iPhoneOS.platform/Developer/SDKs/iPhoneOS.sdk  conftest.c >&5
configure:7165: $? = 0
configure:7165: result: yes
configure:7165: checking for sys/stat.h
configure:7165: /Applications/Xcode.app/Contents/Developer/Toolchains/XcodeDefault.xctoolchain/usr/bin/clang -c -arch arm64 -pipe -mdynamic-no-pic -std=c99 -Wno-trigraphs -fpascal-strings -O2 -Wreturn-type -Wunused-variable -fmessage-length=0 -fvisibility=hidden -miphoneos-version-min=14.5 -I/Applications/Xcode.app/Contents/Developer/Platforms/iPhoneOS.platform/Developer/SDKs/iPhoneOS.sdk/usr/include/libxml2 -isysroot /Applications/Xcode.app/Contents/Developer/Platforms/iPhoneOS.platform/Developer/SDKs/iPhoneOS.sdk  conftest.c >&5
configure:7165: $? = 0
configure:7165: result: yes
configure:7165: checking for stdlib.h
configure:7165: /Applications/Xcode.app/Contents/Developer/Toolchains/XcodeDefault.xctoolchain/usr/bin/clang -c -arch arm64 -pipe -mdynamic-no-pic -std=c99 -Wno-trigraphs -fpascal-strings -O2 -Wreturn-type -Wunused-variable -fmessage-length=0 -fvisibility=hidden -miphoneos-version-min=14.5 -I/Applications/Xcode.app/Contents/Developer/Platforms/iPhoneOS.platform/Developer/SDKs/iPhoneOS.sdk/usr/include/libxml2 -isysroot /Applications/Xcode.app/Contents/Developer/Platforms/iPhoneOS.platform/Developer/SDKs/iPhoneOS.sdk  conftest.c >&5
configure:7165: $? = 0
configure:7165: result: yes
configure:7165: checking for string.h
configure:7165: /Applications/Xcode.app/Contents/Developer/Toolchains/XcodeDefault.xctoolchain/usr/bin/clang -c -arch arm64 -pipe -mdynamic-no-pic -std=c99 -Wno-trigraphs -fpascal-strings -O2 -Wreturn-type -Wunused-variable -fmessage-length=0 -fvisibility=hidden -miphoneos-version-min=14.5 -I/Applications/Xcode.app/Contents/Developer/Platforms/iPhoneOS.platform/Developer/SDKs/iPhoneOS.sdk/usr/include/libxml2 -isysroot /Applications/Xcode.app/Contents/Developer/Platforms/iPhoneOS.platform/Developer/SDKs/iPhoneOS.sdk  conftest.c >&5
configure:7165: $? = 0
configure:7165: result: yes
configure:7165: checking for memory.h
configure:7165: /Applications/Xcode.app/Contents/Developer/Toolchains/XcodeDefault.xctoolchain/usr/bin/clang -c -arch arm64 -pipe -mdynamic-no-pic -std=c99 -Wno-trigraphs -fpascal-strings -O2 -Wreturn-type -Wunused-variable -fmessage-length=0 -fvisibility=hidden -miphoneos-version-min=14.5 -I/Applications/Xcode.app/Contents/Developer/Platforms/iPhoneOS.platform/Developer/SDKs/iPhoneOS.sdk/usr/include/libxml2 -isysroot /Applications/Xcode.app/Contents/Developer/Platforms/iPhoneOS.platform/Developer/SDKs/iPhoneOS.sdk  conftest.c >&5
configure:7165: $? = 0
configure:7165: result: yes
configure:7165: checking for strings.h
configure:7165: /Applications/Xcode.app/Contents/Developer/Toolchains/XcodeDefault.xctoolchain/usr/bin/clang -c -arch arm64 -pipe -mdynamic-no-pic -std=c99 -Wno-trigraphs -fpascal-strings -O2 -Wreturn-type -Wunused-variable -fmessage-length=0 -fvisibility=hidden -miphoneos-version-min=14.5 -I/Applications/Xcode.app/Contents/Developer/Platforms/iPhoneOS.platform/Developer/SDKs/iPhoneOS.sdk/usr/include/libxml2 -isysroot /Applications/Xcode.app/Contents/Developer/Platforms/iPhoneOS.platform/Developer/SDKs/iPhoneOS.sdk  conftest.c >&5
configure:7165: $? = 0
configure:7165: result: yes
configure:7165: checking for inttypes.h
configure:7165: /Applications/Xcode.app/Contents/Developer/Toolchains/XcodeDefault.xctoolchain/usr/bin/clang -c -arch arm64 -pipe -mdynamic-no-pic -std=c99 -Wno-trigraphs -fpascal-strings -O2 -Wreturn-type -Wunused-variable -fmessage-length=0 -fvisibility=hidden -miphoneos-version-min=14.5 -I/Applications/Xcode.app/Contents/Developer/Platforms/iPhoneOS.platform/Developer/SDKs/iPhoneOS.sdk/usr/include/libxml2 -isysroot /Applications/Xcode.app/Contents/Developer/Platforms/iPhoneOS.platform/Developer/SDKs/iPhoneOS.sdk  conftest.c >&5
configure:7165: $? = 0
configure:7165: result: yes
configure:7165: checking for stdint.h
configure:7165: /Applications/Xcode.app/Contents/Developer/Toolchains/XcodeDefault.xctoolchain/usr/bin/clang -c -arch arm64 -pipe -mdynamic-no-pic -std=c99 -Wno-trigraphs -fpascal-strings -O2 -Wreturn-type -Wunused-variable -fmessage-length=0 -fvisibility=hidden -miphoneos-version-min=14.5 -I/Applications/Xcode.app/Contents/Developer/Platforms/iPhoneOS.platform/Developer/SDKs/iPhoneOS.sdk/usr/include/libxml2 -isysroot /Applications/Xcode.app/Contents/Developer/Platforms/iPhoneOS.platform/Developer/SDKs/iPhoneOS.sdk  conftest.c >&5
configure:7165: $? = 0
configure:7165: result: yes
configure:7165: checking for unistd.h
configure:7165: /Applications/Xcode.app/Contents/Developer/Toolchains/XcodeDefault.xctoolchain/usr/bin/clang -c -arch arm64 -pipe -mdynamic-no-pic -std=c99 -Wno-trigraphs -fpascal-strings -O2 -Wreturn-type -Wunused-variable -fmessage-length=0 -fvisibility=hidden -miphoneos-version-min=14.5 -I/Applications/Xcode.app/Contents/Developer/Platforms/iPhoneOS.platform/Developer/SDKs/iPhoneOS.sdk/usr/include/libxml2 -isysroot /Applications/Xcode.app/Contents/Developer/Platforms/iPhoneOS.platform/Developer/SDKs/iPhoneOS.sdk  conftest.c >&5
configure:7165: $? = 0
configure:7165: result: yes
configure:7179: checking for dlfcn.h
configure:7179: /Applications/Xcode.app/Contents/Developer/Toolchains/XcodeDefault.xctoolchain/usr/bin/clang -c -arch arm64 -pipe -mdynamic-no-pic -std=c99 -Wno-trigraphs -fpascal-strings -O2 -Wreturn-type -Wunused-variable -fmessage-length=0 -fvisibility=hidden -miphoneos-version-min=14.5 -I/Applications/Xcode.app/Contents/Developer/Platforms/iPhoneOS.platform/Developer/SDKs/iPhoneOS.sdk/usr/include/libxml2 -isysroot /Applications/Xcode.app/Contents/Developer/Platforms/iPhoneOS.platform/Developer/SDKs/iPhoneOS.sdk  conftest.c >&5
configure:7179: $? = 0
configure:7179: result: yes
configure:7733: checking for objdir
configure:7748: result: .libs
configure:8008: checking if /Applications/Xcode.app/Contents/Developer/Toolchains/XcodeDefault.xctoolchain/usr/bin/clang supports -fno-rtti -fno-exceptions
configure:8026: /Applications/Xcode.app/Contents/Developer/Toolchains/XcodeDefault.xctoolchain/usr/bin/clang -c -arch arm64 -pipe -mdynamic-no-pic -std=c99 -Wno-trigraphs -fpascal-strings -O2 -Wreturn-type -Wunused-variable -fmessage-length=0 -fvisibility=hidden -miphoneos-version-min=14.5 -I/Applications/Xcode.app/Contents/Developer/Platforms/iPhoneOS.platform/Developer/SDKs/iPhoneOS.sdk/usr/include/libxml2 -isysroot /Applications/Xcode.app/Contents/Developer/Platforms/iPhoneOS.platform/Developer/SDKs/iPhoneOS.sdk  -fno-rtti -fno-exceptions conftest.c >&5
configure:8030: $? = 0
configure:8043: result: yes
configure:8401: checking for /Applications/Xcode.app/Contents/Developer/Toolchains/XcodeDefault.xctoolchain/usr/bin/clang option to produce PIC
configure:8408: result: -fno-common -DPIC
configure:8416: checking if /Applications/Xcode.app/Contents/Developer/Toolchains/XcodeDefault.xctoolchain/usr/bin/clang PIC flag -fno-common -DPIC works
configure:8434: /Applications/Xcode.app/Contents/Developer/Toolchains/XcodeDefault.xctoolchain/usr/bin/clang -c -arch arm64 -pipe -mdynamic-no-pic -std=c99 -Wno-trigraphs -fpascal-strings -O2 -Wreturn-type -Wunused-variable -fmessage-length=0 -fvisibility=hidden -miphoneos-version-min=14.5 -I/Applications/Xcode.app/Contents/Developer/Platforms/iPhoneOS.platform/Developer/SDKs/iPhoneOS.sdk/usr/include/libxml2 -isysroot /Applications/Xcode.app/Contents/Developer/Platforms/iPhoneOS.platform/Developer/SDKs/iPhoneOS.sdk  -fno-common -DPIC -DPIC conftest.c >&5
configure:8438: $? = 0
configure:8451: result: yes
configure:8480: checking if /Applications/Xcode.app/Contents/Developer/Toolchains/XcodeDefault.xctoolchain/usr/bin/clang static flag -static works
configure:8508: result: no
configure:8523: checking if /Applications/Xcode.app/Contents/Developer/Toolchains/XcodeDefault.xctoolchain/usr/bin/clang supports -c -o file.o
configure:8544: /Applications/Xcode.app/Contents/Developer/Toolchains/XcodeDefault.xctoolchain/usr/bin/clang -c -arch arm64 -pipe -mdynamic-no-pic -std=c99 -Wno-trigraphs -fpascal-strings -O2 -Wreturn-type -Wunused-variable -fmessage-length=0 -fvisibility=hidden -miphoneos-version-min=14.5 -I/Applications/Xcode.app/Contents/Developer/Platforms/iPhoneOS.platform/Developer/SDKs/iPhoneOS.sdk/usr/include/libxml2 -isysroot /Applications/Xcode.app/Contents/Developer/Platforms/iPhoneOS.platform/Developer/SDKs/iPhoneOS.sdk  -o out/conftest2.o conftest.c >&5
configure:8548: $? = 0
configure:8570: result: yes
configure:8578: checking if /Applications/Xcode.app/Contents/Developer/Toolchains/XcodeDefault.xctoolchain/usr/bin/clang supports -c -o file.o
configure:8625: result: yes
configure:8658: checking whether the /Applications/Xcode.app/Contents/Developer/Toolchains/XcodeDefault.xctoolchain/usr/bin/clang linker (/Applications/Xcode.app/Contents/Developer/Toolchains/XcodeDefault.xctoolchain/usr/bin/ld) supports shared libraries
configure:9917: result: yes
configure:10157: checking dynamic linker characteristics
configure:10975: result: darwin dyld
configure:11097: checking how to hardcode library paths into programs
configure:11122: result: immediate
configure:11670: checking whether stripping libraries is possible
configure:11684: result: yes
configure:11710: checking if libtool supports shared libraries
configure:11712: result: yes
configure:11715: checking whether to build shared libraries
configure:11740: result: no
configure:11743: checking whether to build static libraries
configure:11747: result: yes
configure:11784: checking windows.h usability
configure:11784: /Applications/Xcode.app/Contents/Developer/Toolchains/XcodeDefault.xctoolchain/usr/bin/clang -c -arch arm64 -pipe -mdynamic-no-pic -std=c99 -Wno-trigraphs -fpascal-strings -O2 -Wreturn-type -Wunused-variable -fmessage-length=0 -fvisibility=hidden -miphoneos-version-min=14.5 -I/Applications/Xcode.app/Contents/Developer/Platforms/iPhoneOS.platform/Developer/SDKs/iPhoneOS.sdk/usr/include/libxml2 -isysroot /Applications/Xcode.app/Contents/Developer/Platforms/iPhoneOS.platform/Developer/SDKs/iPhoneOS.sdk  conftest.c >&5
conftest.c:53:10: fatal error: 'windows.h' file not found
#include <windows.h>
         ^~~~~~~~~~~
1 error generated.
configure:11784: $? = 1
configure: failed program was:
| /* confdefs.h */
| #define PACKAGE_NAME "FreeType"
| #define PACKAGE_TARNAME "freetype"
| #define PACKAGE_VERSION "2.10.4"
| #define PACKAGE_STRING "FreeType 2.10.4"
| #define PACKAGE_BUGREPORT "freetype@nongnu.org"
| #define PACKAGE_URL ""
| #define HAVE_SYS_TYPES_H 1
| #define HAVE_SYS_STAT_H 1
| #define HAVE_STDLIB_H 1
| #define HAVE_STRING_H 1
| #define HAVE_MEMORY_H 1
| #define HAVE_STRINGS_H 1
| #define HAVE_INTTYPES_H 1
| #define HAVE_STDINT_H 1
| #define HAVE_UNISTD_H 1
| #define HAVE_DLFCN_H 1
| #define LT_OBJDIR ".libs/"
| /* end confdefs.h.  */
| #include <stdio.h>
| #ifdef HAVE_SYS_TYPES_H
| # include <sys/types.h>
| #endif
| #ifdef HAVE_SYS_STAT_H
| # include <sys/stat.h>
| #endif
| #ifdef STDC_HEADERS
| # include <stdlib.h>
| # include <stddef.h>
| #else
| # ifdef HAVE_STDLIB_H
| #  include <stdlib.h>
| # endif
| #endif
| #ifdef HAVE_STRING_H
| # if !defined STDC_HEADERS && defined HAVE_MEMORY_H
| #  include <memory.h>
| # endif
| # include <string.h>
| #endif
| #ifdef HAVE_STRINGS_H
| # include <strings.h>
| #endif
| #ifdef HAVE_INTTYPES_H
| # include <inttypes.h>
| #endif
| #ifdef HAVE_STDINT_H
| # include <stdint.h>
| #endif
| #ifdef HAVE_UNISTD_H
| # include <unistd.h>
| #endif
| #include <windows.h>
configure:11784: result: no
configure:11784: checking windows.h presence
configure:11784: /Applications/Xcode.app/Contents/Developer/Toolchains/XcodeDefault.xctoolchain/usr/bin/clang++  conftest.c
clang: warning: treating 'c' input as 'c++' when in C++ mode, this behavior is deprecated [-Wdeprecated]
conftest.c:20:10: fatal error: 'windows.h' file not found
#include <windows.h>
         ^~~~~~~~~~~
1 error generated.
configure:11784: $? = 1
configure: failed program was:
| /* confdefs.h */
| #define PACKAGE_NAME "FreeType"
| #define PACKAGE_TARNAME "freetype"
| #define PACKAGE_VERSION "2.10.4"
| #define PACKAGE_STRING "FreeType 2.10.4"
| #define PACKAGE_BUGREPORT "freetype@nongnu.org"
| #define PACKAGE_URL ""
| #define HAVE_SYS_TYPES_H 1
| #define HAVE_SYS_STAT_H 1
| #define HAVE_STDLIB_H 1
| #define HAVE_STRING_H 1
| #define HAVE_MEMORY_H 1
| #define HAVE_STRINGS_H 1
| #define HAVE_INTTYPES_H 1
| #define HAVE_STDINT_H 1
| #define HAVE_UNISTD_H 1
| #define HAVE_DLFCN_H 1
| #define LT_OBJDIR ".libs/"
| /* end confdefs.h.  */
| #include <windows.h>
configure:11784: result: no
configure:11784: checking for windows.h
configure:11784: result: no
configure:11965: checking for x86_64-apple-darwin20.3.0-gcc
configure:11995: result: no
configure:12002: checking for gcc
configure:12018: found /usr/local/opt/ccache/libexec/gcc
configure:12029: result: gcc
configure:12039: checking for gcc
configure:12083: result: gcc
configure:12093: checking for suffix of native executables
configure:12107: result: 
configure:12137: checking for a BSD-compatible install
configure:12205: result: /usr/local/bin/ginstall -c
configure:12224: checking for a thread-safe mkdir -p
configure:12263: result: /usr/local/bin/gmkdir -p
configure:12277: checking for ANSI C header files
configure:12381: result: no
configure:12392: checking fcntl.h usability
configure:12392: /Applications/Xcode.app/Contents/Developer/Toolchains/XcodeDefault.xctoolchain/usr/bin/clang -c -arch arm64 -pipe -mdynamic-no-pic -std=c99 -Wno-trigraphs -fpascal-strings -O2 -Wreturn-type -Wunused-variable -fmessage-length=0 -fvisibility=hidden -miphoneos-version-min=14.5 -I/Applications/Xcode.app/Contents/Developer/Platforms/iPhoneOS.platform/Developer/SDKs/iPhoneOS.sdk/usr/include/libxml2 -isysroot /Applications/Xcode.app/Contents/Developer/Platforms/iPhoneOS.platform/Developer/SDKs/iPhoneOS.sdk  conftest.c >&5
configure:12392: $? = 0
configure:12392: result: yes
configure:12392: checking fcntl.h presence
configure:12392: /Applications/Xcode.app/Contents/Developer/Toolchains/XcodeDefault.xctoolchain/usr/bin/clang++  conftest.c
clang: warning: treating 'c' input as 'c++' when in C++ mode, this behavior is deprecated [-Wdeprecated]
conftest.c:20:10: fatal error: 'fcntl.h' file not found
#include <fcntl.h>
         ^~~~~~~~~
1 error generated.
configure:12392: $? = 1
configure: failed program was:
| /* confdefs.h */
| #define PACKAGE_NAME "FreeType"
| #define PACKAGE_TARNAME "freetype"
| #define PACKAGE_VERSION "2.10.4"
| #define PACKAGE_STRING "FreeType 2.10.4"
| #define PACKAGE_BUGREPORT "freetype@nongnu.org"
| #define PACKAGE_URL ""
| #define HAVE_SYS_TYPES_H 1
| #define HAVE_SYS_STAT_H 1
| #define HAVE_STDLIB_H 1
| #define HAVE_STRING_H 1
| #define HAVE_MEMORY_H 1
| #define HAVE_STRINGS_H 1
| #define HAVE_INTTYPES_H 1
| #define HAVE_STDINT_H 1
| #define HAVE_UNISTD_H 1
| #define HAVE_DLFCN_H 1
| #define LT_OBJDIR ".libs/"
| /* end confdefs.h.  */
| #include <fcntl.h>
configure:12392: result: no
configure:12392: checking for fcntl.h
configure:12392: result: yes
configure:12392: checking for unistd.h
configure:12392: result: yes
configure:12406: checking for an ANSI C-conforming const
configure:12472: /Applications/Xcode.app/Contents/Developer/Toolchains/XcodeDefault.xctoolchain/usr/bin/clang -c -arch arm64 -pipe -mdynamic-no-pic -std=c99 -Wno-trigraphs -fpascal-strings -O2 -Wreturn-type -Wunused-variable -fmessage-length=0 -fvisibility=hidden -miphoneos-version-min=14.5 -I/Applications/Xcode.app/Contents/Developer/Platforms/iPhoneOS.platform/Developer/SDKs/iPhoneOS.sdk/usr/include/libxml2 -isysroot /Applications/Xcode.app/Contents/Developer/Platforms/iPhoneOS.platform/Developer/SDKs/iPhoneOS.sdk  conftest.c >&5
configure:12472: $? = 0
configure:12479: result: yes
configure:12491: checking size of int
configure:12496: /Applications/Xcode.app/Contents/Developer/Toolchains/XcodeDefault.xctoolchain/usr/bin/clang -c -arch arm64 -pipe -mdynamic-no-pic -std=c99 -Wno-trigraphs -fpascal-strings -O2 -Wreturn-type -Wunused-variable -fmessage-length=0 -fvisibility=hidden -miphoneos-version-min=14.5 -I/Applications/Xcode.app/Contents/Developer/Platforms/iPhoneOS.platform/Developer/SDKs/iPhoneOS.sdk/usr/include/libxml2 -isysroot /Applications/Xcode.app/Contents/Developer/Platforms/iPhoneOS.platform/Developer/SDKs/iPhoneOS.sdk  conftest.c >&5
configure:12496: $? = 0
configure:12496: /Applications/Xcode.app/Contents/Developer/Toolchains/XcodeDefault.xctoolchain/usr/bin/clang -c -arch arm64 -pipe -mdynamic-no-pic -std=c99 -Wno-trigraphs -fpascal-strings -O2 -Wreturn-type -Wunused-variable -fmessage-length=0 -fvisibility=hidden -miphoneos-version-min=14.5 -I/Applications/Xcode.app/Contents/Developer/Platforms/iPhoneOS.platform/Developer/SDKs/iPhoneOS.sdk/usr/include/libxml2 -isysroot /Applications/Xcode.app/Contents/Developer/Platforms/iPhoneOS.platform/Developer/SDKs/iPhoneOS.sdk  conftest.c >&5
conftest.c:58:24: error: 'test_array' declared as an array with a negative size
static int test_array [1 - 2 * !(((long int) (sizeof (int))) <= 0)];
                       ^~~~~~~~~~~~~~~~~~~~~~~~~~~~~~~~~~~~~~~~~~~
1 error generated.
configure:12496: $? = 1
configure: failed program was:
| /* confdefs.h */
| #define PACKAGE_NAME "FreeType"
| #define PACKAGE_TARNAME "freetype"
| #define PACKAGE_VERSION "2.10.4"
| #define PACKAGE_STRING "FreeType 2.10.4"
| #define PACKAGE_BUGREPORT "freetype@nongnu.org"
| #define PACKAGE_URL ""
| #define HAVE_SYS_TYPES_H 1
| #define HAVE_SYS_STAT_H 1
| #define HAVE_STDLIB_H 1
| #define HAVE_STRING_H 1
| #define HAVE_MEMORY_H 1
| #define HAVE_STRINGS_H 1
| #define HAVE_INTTYPES_H 1
| #define HAVE_STDINT_H 1
| #define HAVE_UNISTD_H 1
| #define HAVE_DLFCN_H 1
| #define LT_OBJDIR ".libs/"
| #define HAVE_FCNTL_H 1
| #define HAVE_UNISTD_H 1
| /* end confdefs.h.  */
| #include <stdio.h>
| #ifdef HAVE_SYS_TYPES_H
| # include <sys/types.h>
| #endif
| #ifdef HAVE_SYS_STAT_H
| # include <sys/stat.h>
| #endif
| #ifdef STDC_HEADERS
| # include <stdlib.h>
| # include <stddef.h>
| #else
| # ifdef HAVE_STDLIB_H
| #  include <stdlib.h>
| # endif
| #endif
| #ifdef HAVE_STRING_H
| # if !defined STDC_HEADERS && defined HAVE_MEMORY_H
| #  include <memory.h>
| # endif
| # include <string.h>
| #endif
| #ifdef HAVE_STRINGS_H
| # include <strings.h>
| #endif
| #ifdef HAVE_INTTYPES_H
| # include <inttypes.h>
| #endif
| #ifdef HAVE_STDINT_H
| # include <stdint.h>
| #endif
| #ifdef HAVE_UNISTD_H
| # include <unistd.h>
| #endif
| int
| main ()
| {
| static int test_array [1 - 2 * !(((long int) (sizeof (int))) <= 0)];
| test_array [0] = 0;
| return test_array [0];
| 
|   ;
|   return 0;
| }
configure:12496: /Applications/Xcode.app/Contents/Developer/Toolchains/XcodeDefault.xctoolchain/usr/bin/clang -c -arch arm64 -pipe -mdynamic-no-pic -std=c99 -Wno-trigraphs -fpascal-strings -O2 -Wreturn-type -Wunused-variable -fmessage-length=0 -fvisibility=hidden -miphoneos-version-min=14.5 -I/Applications/Xcode.app/Contents/Developer/Platforms/iPhoneOS.platform/Developer/SDKs/iPhoneOS.sdk/usr/include/libxml2 -isysroot /Applications/Xcode.app/Contents/Developer/Platforms/iPhoneOS.platform/Developer/SDKs/iPhoneOS.sdk  conftest.c >&5
conftest.c:58:24: error: 'test_array' declared as an array with a negative size
static int test_array [1 - 2 * !(((long int) (sizeof (int))) <= 1)];
                       ^~~~~~~~~~~~~~~~~~~~~~~~~~~~~~~~~~~~~~~~~~~
1 error generated.
configure:12496: $? = 1
configure: failed program was:
| /* confdefs.h */
| #define PACKAGE_NAME "FreeType"
| #define PACKAGE_TARNAME "freetype"
| #define PACKAGE_VERSION "2.10.4"
| #define PACKAGE_STRING "FreeType 2.10.4"
| #define PACKAGE_BUGREPORT "freetype@nongnu.org"
| #define PACKAGE_URL ""
| #define HAVE_SYS_TYPES_H 1
| #define HAVE_SYS_STAT_H 1
| #define HAVE_STDLIB_H 1
| #define HAVE_STRING_H 1
| #define HAVE_MEMORY_H 1
| #define HAVE_STRINGS_H 1
| #define HAVE_INTTYPES_H 1
| #define HAVE_STDINT_H 1
| #define HAVE_UNISTD_H 1
| #define HAVE_DLFCN_H 1
| #define LT_OBJDIR ".libs/"
| #define HAVE_FCNTL_H 1
| #define HAVE_UNISTD_H 1
| /* end confdefs.h.  */
| #include <stdio.h>
| #ifdef HAVE_SYS_TYPES_H
| # include <sys/types.h>
| #endif
| #ifdef HAVE_SYS_STAT_H
| # include <sys/stat.h>
| #endif
| #ifdef STDC_HEADERS
| # include <stdlib.h>
| # include <stddef.h>
| #else
| # ifdef HAVE_STDLIB_H
| #  include <stdlib.h>
| # endif
| #endif
| #ifdef HAVE_STRING_H
| # if !defined STDC_HEADERS && defined HAVE_MEMORY_H
| #  include <memory.h>
| # endif
| # include <string.h>
| #endif
| #ifdef HAVE_STRINGS_H
| # include <strings.h>
| #endif
| #ifdef HAVE_INTTYPES_H
| # include <inttypes.h>
| #endif
| #ifdef HAVE_STDINT_H
| # include <stdint.h>
| #endif
| #ifdef HAVE_UNISTD_H
| # include <unistd.h>
| #endif
| int
| main ()
| {
| static int test_array [1 - 2 * !(((long int) (sizeof (int))) <= 1)];
| test_array [0] = 0;
| return test_array [0];
| 
|   ;
|   return 0;
| }
configure:12496: /Applications/Xcode.app/Contents/Developer/Toolchains/XcodeDefault.xctoolchain/usr/bin/clang -c -arch arm64 -pipe -mdynamic-no-pic -std=c99 -Wno-trigraphs -fpascal-strings -O2 -Wreturn-type -Wunused-variable -fmessage-length=0 -fvisibility=hidden -miphoneos-version-min=14.5 -I/Applications/Xcode.app/Contents/Developer/Platforms/iPhoneOS.platform/Developer/SDKs/iPhoneOS.sdk/usr/include/libxml2 -isysroot /Applications/Xcode.app/Contents/Developer/Platforms/iPhoneOS.platform/Developer/SDKs/iPhoneOS.sdk  conftest.c >&5
conftest.c:58:24: error: 'test_array' declared as an array with a negative size
static int test_array [1 - 2 * !(((long int) (sizeof (int))) <= 3)];
                       ^~~~~~~~~~~~~~~~~~~~~~~~~~~~~~~~~~~~~~~~~~~
1 error generated.
configure:12496: $? = 1
configure: failed program was:
| /* confdefs.h */
| #define PACKAGE_NAME "FreeType"
| #define PACKAGE_TARNAME "freetype"
| #define PACKAGE_VERSION "2.10.4"
| #define PACKAGE_STRING "FreeType 2.10.4"
| #define PACKAGE_BUGREPORT "freetype@nongnu.org"
| #define PACKAGE_URL ""
| #define HAVE_SYS_TYPES_H 1
| #define HAVE_SYS_STAT_H 1
| #define HAVE_STDLIB_H 1
| #define HAVE_STRING_H 1
| #define HAVE_MEMORY_H 1
| #define HAVE_STRINGS_H 1
| #define HAVE_INTTYPES_H 1
| #define HAVE_STDINT_H 1
| #define HAVE_UNISTD_H 1
| #define HAVE_DLFCN_H 1
| #define LT_OBJDIR ".libs/"
| #define HAVE_FCNTL_H 1
| #define HAVE_UNISTD_H 1
| /* end confdefs.h.  */
| #include <stdio.h>
| #ifdef HAVE_SYS_TYPES_H
| # include <sys/types.h>
| #endif
| #ifdef HAVE_SYS_STAT_H
| # include <sys/stat.h>
| #endif
| #ifdef STDC_HEADERS
| # include <stdlib.h>
| # include <stddef.h>
| #else
| # ifdef HAVE_STDLIB_H
| #  include <stdlib.h>
| # endif
| #endif
| #ifdef HAVE_STRING_H
| # if !defined STDC_HEADERS && defined HAVE_MEMORY_H
| #  include <memory.h>
| # endif
| # include <string.h>
| #endif
| #ifdef HAVE_STRINGS_H
| # include <strings.h>
| #endif
| #ifdef HAVE_INTTYPES_H
| # include <inttypes.h>
| #endif
| #ifdef HAVE_STDINT_H
| # include <stdint.h>
| #endif
| #ifdef HAVE_UNISTD_H
| # include <unistd.h>
| #endif
| int
| main ()
| {
| static int test_array [1 - 2 * !(((long int) (sizeof (int))) <= 3)];
| test_array [0] = 0;
| return test_array [0];
| 
|   ;
|   return 0;
| }
configure:12496: /Applications/Xcode.app/Contents/Developer/Toolchains/XcodeDefault.xctoolchain/usr/bin/clang -c -arch arm64 -pipe -mdynamic-no-pic -std=c99 -Wno-trigraphs -fpascal-strings -O2 -Wreturn-type -Wunused-variable -fmessage-length=0 -fvisibility=hidden -miphoneos-version-min=14.5 -I/Applications/Xcode.app/Contents/Developer/Platforms/iPhoneOS.platform/Developer/SDKs/iPhoneOS.sdk/usr/include/libxml2 -isysroot /Applications/Xcode.app/Contents/Developer/Platforms/iPhoneOS.platform/Developer/SDKs/iPhoneOS.sdk  conftest.c >&5
configure:12496: $? = 0
configure:12496: /Applications/Xcode.app/Contents/Developer/Toolchains/XcodeDefault.xctoolchain/usr/bin/clang -c -arch arm64 -pipe -mdynamic-no-pic -std=c99 -Wno-trigraphs -fpascal-strings -O2 -Wreturn-type -Wunused-variable -fmessage-length=0 -fvisibility=hidden -miphoneos-version-min=14.5 -I/Applications/Xcode.app/Contents/Developer/Platforms/iPhoneOS.platform/Developer/SDKs/iPhoneOS.sdk/usr/include/libxml2 -isysroot /Applications/Xcode.app/Contents/Developer/Platforms/iPhoneOS.platform/Developer/SDKs/iPhoneOS.sdk  conftest.c >&5
configure:12496: $? = 0
configure:12496: /Applications/Xcode.app/Contents/Developer/Toolchains/XcodeDefault.xctoolchain/usr/bin/clang -c -arch arm64 -pipe -mdynamic-no-pic -std=c99 -Wno-trigraphs -fpascal-strings -O2 -Wreturn-type -Wunused-variable -fmessage-length=0 -fvisibility=hidden -miphoneos-version-min=14.5 -I/Applications/Xcode.app/Contents/Developer/Platforms/iPhoneOS.platform/Developer/SDKs/iPhoneOS.sdk/usr/include/libxml2 -isysroot /Applications/Xcode.app/Contents/Developer/Platforms/iPhoneOS.platform/Developer/SDKs/iPhoneOS.sdk  conftest.c >&5
configure:12496: $? = 0
configure:12510: result: 4
configure:12524: checking size of long
configure:12529: /Applications/Xcode.app/Contents/Developer/Toolchains/XcodeDefault.xctoolchain/usr/bin/clang -c -arch arm64 -pipe -mdynamic-no-pic -std=c99 -Wno-trigraphs -fpascal-strings -O2 -Wreturn-type -Wunused-variable -fmessage-length=0 -fvisibility=hidden -miphoneos-version-min=14.5 -I/Applications/Xcode.app/Contents/Developer/Platforms/iPhoneOS.platform/Developer/SDKs/iPhoneOS.sdk/usr/include/libxml2 -isysroot /Applications/Xcode.app/Contents/Developer/Platforms/iPhoneOS.platform/Developer/SDKs/iPhoneOS.sdk  conftest.c >&5
configure:12529: $? = 0
configure:12529: /Applications/Xcode.app/Contents/Developer/Toolchains/XcodeDefault.xctoolchain/usr/bin/clang -c -arch arm64 -pipe -mdynamic-no-pic -std=c99 -Wno-trigraphs -fpascal-strings -O2 -Wreturn-type -Wunused-variable -fmessage-length=0 -fvisibility=hidden -miphoneos-version-min=14.5 -I/Applications/Xcode.app/Contents/Developer/Platforms/iPhoneOS.platform/Developer/SDKs/iPhoneOS.sdk/usr/include/libxml2 -isysroot /Applications/Xcode.app/Contents/Developer/Platforms/iPhoneOS.platform/Developer/SDKs/iPhoneOS.sdk  conftest.c >&5
conftest.c:59:24: error: 'test_array' declared as an array with a negative size
static int test_array [1 - 2 * !(((long int) (sizeof (long))) <= 0)];
                       ^~~~~~~~~~~~~~~~~~~~~~~~~~~~~~~~~~~~~~~~~~~~
1 error generated.
configure:12529: $? = 1
configure: failed program was:
| /* confdefs.h */
| #define PACKAGE_NAME "FreeType"
| #define PACKAGE_TARNAME "freetype"
| #define PACKAGE_VERSION "2.10.4"
| #define PACKAGE_STRING "FreeType 2.10.4"
| #define PACKAGE_BUGREPORT "freetype@nongnu.org"
| #define PACKAGE_URL ""
| #define HAVE_SYS_TYPES_H 1
| #define HAVE_SYS_STAT_H 1
| #define HAVE_STDLIB_H 1
| #define HAVE_STRING_H 1
| #define HAVE_MEMORY_H 1
| #define HAVE_STRINGS_H 1
| #define HAVE_INTTYPES_H 1
| #define HAVE_STDINT_H 1
| #define HAVE_UNISTD_H 1
| #define HAVE_DLFCN_H 1
| #define LT_OBJDIR ".libs/"
| #define HAVE_FCNTL_H 1
| #define HAVE_UNISTD_H 1
| #define SIZEOF_INT 4
| /* end confdefs.h.  */
| #include <stdio.h>
| #ifdef HAVE_SYS_TYPES_H
| # include <sys/types.h>
| #endif
| #ifdef HAVE_SYS_STAT_H
| # include <sys/stat.h>
| #endif
| #ifdef STDC_HEADERS
| # include <stdlib.h>
| # include <stddef.h>
| #else
| # ifdef HAVE_STDLIB_H
| #  include <stdlib.h>
| # endif
| #endif
| #ifdef HAVE_STRING_H
| # if !defined STDC_HEADERS && defined HAVE_MEMORY_H
| #  include <memory.h>
| # endif
| # include <string.h>
| #endif
| #ifdef HAVE_STRINGS_H
| # include <strings.h>
| #endif
| #ifdef HAVE_INTTYPES_H
| # include <inttypes.h>
| #endif
| #ifdef HAVE_STDINT_H
| # include <stdint.h>
| #endif
| #ifdef HAVE_UNISTD_H
| # include <unistd.h>
| #endif
| int
| main ()
| {
| static int test_array [1 - 2 * !(((long int) (sizeof (long))) <= 0)];
| test_array [0] = 0;
| return test_array [0];
| 
|   ;
|   return 0;
| }
configure:12529: /Applications/Xcode.app/Contents/Developer/Toolchains/XcodeDefault.xctoolchain/usr/bin/clang -c -arch arm64 -pipe -mdynamic-no-pic -std=c99 -Wno-trigraphs -fpascal-strings -O2 -Wreturn-type -Wunused-variable -fmessage-length=0 -fvisibility=hidden -miphoneos-version-min=14.5 -I/Applications/Xcode.app/Contents/Developer/Platforms/iPhoneOS.platform/Developer/SDKs/iPhoneOS.sdk/usr/include/libxml2 -isysroot /Applications/Xcode.app/Contents/Developer/Platforms/iPhoneOS.platform/Developer/SDKs/iPhoneOS.sdk  conftest.c >&5
conftest.c:59:24: error: 'test_array' declared as an array with a negative size
static int test_array [1 - 2 * !(((long int) (sizeof (long))) <= 1)];
                       ^~~~~~~~~~~~~~~~~~~~~~~~~~~~~~~~~~~~~~~~~~~~
1 error generated.
configure:12529: $? = 1
configure: failed program was:
| /* confdefs.h */
| #define PACKAGE_NAME "FreeType"
| #define PACKAGE_TARNAME "freetype"
| #define PACKAGE_VERSION "2.10.4"
| #define PACKAGE_STRING "FreeType 2.10.4"
| #define PACKAGE_BUGREPORT "freetype@nongnu.org"
| #define PACKAGE_URL ""
| #define HAVE_SYS_TYPES_H 1
| #define HAVE_SYS_STAT_H 1
| #define HAVE_STDLIB_H 1
| #define HAVE_STRING_H 1
| #define HAVE_MEMORY_H 1
| #define HAVE_STRINGS_H 1
| #define HAVE_INTTYPES_H 1
| #define HAVE_STDINT_H 1
| #define HAVE_UNISTD_H 1
| #define HAVE_DLFCN_H 1
| #define LT_OBJDIR ".libs/"
| #define HAVE_FCNTL_H 1
| #define HAVE_UNISTD_H 1
| #define SIZEOF_INT 4
| /* end confdefs.h.  */
| #include <stdio.h>
| #ifdef HAVE_SYS_TYPES_H
| # include <sys/types.h>
| #endif
| #ifdef HAVE_SYS_STAT_H
| # include <sys/stat.h>
| #endif
| #ifdef STDC_HEADERS
| # include <stdlib.h>
| # include <stddef.h>
| #else
| # ifdef HAVE_STDLIB_H
| #  include <stdlib.h>
| # endif
| #endif
| #ifdef HAVE_STRING_H
| # if !defined STDC_HEADERS && defined HAVE_MEMORY_H
| #  include <memory.h>
| # endif
| # include <string.h>
| #endif
| #ifdef HAVE_STRINGS_H
| # include <strings.h>
| #endif
| #ifdef HAVE_INTTYPES_H
| # include <inttypes.h>
| #endif
| #ifdef HAVE_STDINT_H
| # include <stdint.h>
| #endif
| #ifdef HAVE_UNISTD_H
| # include <unistd.h>
| #endif
| int
| main ()
| {
| static int test_array [1 - 2 * !(((long int) (sizeof (long))) <= 1)];
| test_array [0] = 0;
| return test_array [0];
| 
|   ;
|   return 0;
| }
configure:12529: /Applications/Xcode.app/Contents/Developer/Toolchains/XcodeDefault.xctoolchain/usr/bin/clang -c -arch arm64 -pipe -mdynamic-no-pic -std=c99 -Wno-trigraphs -fpascal-strings -O2 -Wreturn-type -Wunused-variable -fmessage-length=0 -fvisibility=hidden -miphoneos-version-min=14.5 -I/Applications/Xcode.app/Contents/Developer/Platforms/iPhoneOS.platform/Developer/SDKs/iPhoneOS.sdk/usr/include/libxml2 -isysroot /Applications/Xcode.app/Contents/Developer/Platforms/iPhoneOS.platform/Developer/SDKs/iPhoneOS.sdk  conftest.c >&5
conftest.c:59:24: error: 'test_array' declared as an array with a negative size
static int test_array [1 - 2 * !(((long int) (sizeof (long))) <= 3)];
                       ^~~~~~~~~~~~~~~~~~~~~~~~~~~~~~~~~~~~~~~~~~~~
1 error generated.
configure:12529: $? = 1
configure: failed program was:
| /* confdefs.h */
| #define PACKAGE_NAME "FreeType"
| #define PACKAGE_TARNAME "freetype"
| #define PACKAGE_VERSION "2.10.4"
| #define PACKAGE_STRING "FreeType 2.10.4"
| #define PACKAGE_BUGREPORT "freetype@nongnu.org"
| #define PACKAGE_URL ""
| #define HAVE_SYS_TYPES_H 1
| #define HAVE_SYS_STAT_H 1
| #define HAVE_STDLIB_H 1
| #define HAVE_STRING_H 1
| #define HAVE_MEMORY_H 1
| #define HAVE_STRINGS_H 1
| #define HAVE_INTTYPES_H 1
| #define HAVE_STDINT_H 1
| #define HAVE_UNISTD_H 1
| #define HAVE_DLFCN_H 1
| #define LT_OBJDIR ".libs/"
| #define HAVE_FCNTL_H 1
| #define HAVE_UNISTD_H 1
| #define SIZEOF_INT 4
| /* end confdefs.h.  */
| #include <stdio.h>
| #ifdef HAVE_SYS_TYPES_H
| # include <sys/types.h>
| #endif
| #ifdef HAVE_SYS_STAT_H
| # include <sys/stat.h>
| #endif
| #ifdef STDC_HEADERS
| # include <stdlib.h>
| # include <stddef.h>
| #else
| # ifdef HAVE_STDLIB_H
| #  include <stdlib.h>
| # endif
| #endif
| #ifdef HAVE_STRING_H
| # if !defined STDC_HEADERS && defined HAVE_MEMORY_H
| #  include <memory.h>
| # endif
| # include <string.h>
| #endif
| #ifdef HAVE_STRINGS_H
| # include <strings.h>
| #endif
| #ifdef HAVE_INTTYPES_H
| # include <inttypes.h>
| #endif
| #ifdef HAVE_STDINT_H
| # include <stdint.h>
| #endif
| #ifdef HAVE_UNISTD_H
| # include <unistd.h>
| #endif
| int
| main ()
| {
| static int test_array [1 - 2 * !(((long int) (sizeof (long))) <= 3)];
| test_array [0] = 0;
| return test_array [0];
| 
|   ;
|   return 0;
| }
configure:12529: /Applications/Xcode.app/Contents/Developer/Toolchains/XcodeDefault.xctoolchain/usr/bin/clang -c -arch arm64 -pipe -mdynamic-no-pic -std=c99 -Wno-trigraphs -fpascal-strings -O2 -Wreturn-type -Wunused-variable -fmessage-length=0 -fvisibility=hidden -miphoneos-version-min=14.5 -I/Applications/Xcode.app/Contents/Developer/Platforms/iPhoneOS.platform/Developer/SDKs/iPhoneOS.sdk/usr/include/libxml2 -isysroot /Applications/Xcode.app/Contents/Developer/Platforms/iPhoneOS.platform/Developer/SDKs/iPhoneOS.sdk  conftest.c >&5
conftest.c:59:24: error: 'test_array' declared as an array with a negative size
static int test_array [1 - 2 * !(((long int) (sizeof (long))) <= 7)];
                       ^~~~~~~~~~~~~~~~~~~~~~~~~~~~~~~~~~~~~~~~~~~~
1 error generated.
configure:12529: $? = 1
configure: failed program was:
| /* confdefs.h */
| #define PACKAGE_NAME "FreeType"
| #define PACKAGE_TARNAME "freetype"
| #define PACKAGE_VERSION "2.10.4"
| #define PACKAGE_STRING "FreeType 2.10.4"
| #define PACKAGE_BUGREPORT "freetype@nongnu.org"
| #define PACKAGE_URL ""
| #define HAVE_SYS_TYPES_H 1
| #define HAVE_SYS_STAT_H 1
| #define HAVE_STDLIB_H 1
| #define HAVE_STRING_H 1
| #define HAVE_MEMORY_H 1
| #define HAVE_STRINGS_H 1
| #define HAVE_INTTYPES_H 1
| #define HAVE_STDINT_H 1
| #define HAVE_UNISTD_H 1
| #define HAVE_DLFCN_H 1
| #define LT_OBJDIR ".libs/"
| #define HAVE_FCNTL_H 1
| #define HAVE_UNISTD_H 1
| #define SIZEOF_INT 4
| /* end confdefs.h.  */
| #include <stdio.h>
| #ifdef HAVE_SYS_TYPES_H
| # include <sys/types.h>
| #endif
| #ifdef HAVE_SYS_STAT_H
| # include <sys/stat.h>
| #endif
| #ifdef STDC_HEADERS
| # include <stdlib.h>
| # include <stddef.h>
| #else
| # ifdef HAVE_STDLIB_H
| #  include <stdlib.h>
| # endif
| #endif
| #ifdef HAVE_STRING_H
| # if !defined STDC_HEADERS && defined HAVE_MEMORY_H
| #  include <memory.h>
| # endif
| # include <string.h>
| #endif
| #ifdef HAVE_STRINGS_H
| # include <strings.h>
| #endif
| #ifdef HAVE_INTTYPES_H
| # include <inttypes.h>
| #endif
| #ifdef HAVE_STDINT_H
| # include <stdint.h>
| #endif
| #ifdef HAVE_UNISTD_H
| # include <unistd.h>
| #endif
| int
| main ()
| {
| static int test_array [1 - 2 * !(((long int) (sizeof (long))) <= 7)];
| test_array [0] = 0;
| return test_array [0];
| 
|   ;
|   return 0;
| }
configure:12529: /Applications/Xcode.app/Contents/Developer/Toolchains/XcodeDefault.xctoolchain/usr/bin/clang -c -arch arm64 -pipe -mdynamic-no-pic -std=c99 -Wno-trigraphs -fpascal-strings -O2 -Wreturn-type -Wunused-variable -fmessage-length=0 -fvisibility=hidden -miphoneos-version-min=14.5 -I/Applications/Xcode.app/Contents/Developer/Platforms/iPhoneOS.platform/Developer/SDKs/iPhoneOS.sdk/usr/include/libxml2 -isysroot /Applications/Xcode.app/Contents/Developer/Platforms/iPhoneOS.platform/Developer/SDKs/iPhoneOS.sdk  conftest.c >&5
configure:12529: $? = 0
configure:12529: /Applications/Xcode.app/Contents/Developer/Toolchains/XcodeDefault.xctoolchain/usr/bin/clang -c -arch arm64 -pipe -mdynamic-no-pic -std=c99 -Wno-trigraphs -fpascal-strings -O2 -Wreturn-type -Wunused-variable -fmessage-length=0 -fvisibility=hidden -miphoneos-version-min=14.5 -I/Applications/Xcode.app/Contents/Developer/Platforms/iPhoneOS.platform/Developer/SDKs/iPhoneOS.sdk/usr/include/libxml2 -isysroot /Applications/Xcode.app/Contents/Developer/Platforms/iPhoneOS.platform/Developer/SDKs/iPhoneOS.sdk  conftest.c >&5
configure:12529: $? = 0
configure:12529: /Applications/Xcode.app/Contents/Developer/Toolchains/XcodeDefault.xctoolchain/usr/bin/clang -c -arch arm64 -pipe -mdynamic-no-pic -std=c99 -Wno-trigraphs -fpascal-strings -O2 -Wreturn-type -Wunused-variable -fmessage-length=0 -fvisibility=hidden -miphoneos-version-min=14.5 -I/Applications/Xcode.app/Contents/Developer/Platforms/iPhoneOS.platform/Developer/SDKs/iPhoneOS.sdk/usr/include/libxml2 -isysroot /Applications/Xcode.app/Contents/Developer/Platforms/iPhoneOS.platform/Developer/SDKs/iPhoneOS.sdk  conftest.c >&5
configure:12529: $? = 0
configure:12529: /Applications/Xcode.app/Contents/Developer/Toolchains/XcodeDefault.xctoolchain/usr/bin/clang -c -arch arm64 -pipe -mdynamic-no-pic -std=c99 -Wno-trigraphs -fpascal-strings -O2 -Wreturn-type -Wunused-variable -fmessage-length=0 -fvisibility=hidden -miphoneos-version-min=14.5 -I/Applications/Xcode.app/Contents/Developer/Platforms/iPhoneOS.platform/Developer/SDKs/iPhoneOS.sdk/usr/include/libxml2 -isysroot /Applications/Xcode.app/Contents/Developer/Platforms/iPhoneOS.platform/Developer/SDKs/iPhoneOS.sdk  conftest.c >&5
configure:12529: $? = 0
configure:12543: result: 8
configure:12554: checking for unsigned long long int
configure:12593: /Applications/Xcode.app/Contents/Developer/Toolchains/XcodeDefault.xctoolchain/usr/bin/clang -o conftest -arch arm64 -pipe -mdynamic-no-pic -std=c99 -Wno-trigraphs -fpascal-strings -O2 -Wreturn-type -Wunused-variable -fmessage-length=0 -fvisibility=hidden -miphoneos-version-min=14.5 -I/Applications/Xcode.app/Contents/Developer/Platforms/iPhoneOS.platform/Developer/SDKs/iPhoneOS.sdk/usr/include/libxml2 -isysroot /Applications/Xcode.app/Contents/Developer/Platforms/iPhoneOS.platform/Developer/SDKs/iPhoneOS.sdk  -arch arm64 -isysroot  /Applications/Xcode.app/Contents/Developer/Platforms/iPhoneOS.platform/Developer/SDKs/iPhoneOS.sdk  -miphoneos-version-min=14.5 conftest.c  >&5
configure:12593: $? = 0
configure:12602: result: yes
configure:12612: checking for long long int
configure:12662: result: yes
configure:12674: checking whether cpp computation of bit length in ftconfig.h.in works
configure:12734: result: no
configure:12772: checking for special C compiler options needed for large files
configure:12817: result: no
configure:12823: checking for _FILE_OFFSET_BITS value needed for large files
configure:12848: /Applications/Xcode.app/Contents/Developer/Toolchains/XcodeDefault.xctoolchain/usr/bin/clang -c -arch arm64 -pipe -mdynamic-no-pic -std=c99 -Wno-trigraphs -fpascal-strings -O2 -Wreturn-type -Wunused-variable -fmessage-length=0 -fvisibility=hidden -miphoneos-version-min=14.5 -I/Applications/Xcode.app/Contents/Developer/Platforms/iPhoneOS.platform/Developer/SDKs/iPhoneOS.sdk/usr/include/libxml2 -isysroot /Applications/Xcode.app/Contents/Developer/Platforms/iPhoneOS.platform/Developer/SDKs/iPhoneOS.sdk  conftest.c >&5
configure:12848: $? = 0
configure:12880: result: no
configure:12982: checking for stdlib.h
configure:12982: result: yes
configure:12982: checking for unistd.h
configure:12982: result: yes
configure:12982: checking for sys/param.h
configure:12982: /Applications/Xcode.app/Contents/Developer/Toolchains/XcodeDefault.xctoolchain/usr/bin/clang -c -arch arm64 -pipe -mdynamic-no-pic -std=c99 -Wno-trigraphs -fpascal-strings -O2 -Wreturn-type -Wunused-variable -fmessage-length=0 -fvisibility=hidden -miphoneos-version-min=14.5 -I/Applications/Xcode.app/Contents/Developer/Platforms/iPhoneOS.platform/Developer/SDKs/iPhoneOS.sdk/usr/include/libxml2 -isysroot /Applications/Xcode.app/Contents/Developer/Platforms/iPhoneOS.platform/Developer/SDKs/iPhoneOS.sdk  conftest.c >&5
configure:12982: $? = 0
configure:12982: result: yes
configure:13002: checking for getpagesize
configure:13002: /Applications/Xcode.app/Contents/Developer/Toolchains/XcodeDefault.xctoolchain/usr/bin/clang -o conftest -arch arm64 -pipe -mdynamic-no-pic -std=c99 -Wno-trigraphs -fpascal-strings -O2 -Wreturn-type -Wunused-variable -fmessage-length=0 -fvisibility=hidden -miphoneos-version-min=14.5 -I/Applications/Xcode.app/Contents/Developer/Platforms/iPhoneOS.platform/Developer/SDKs/iPhoneOS.sdk/usr/include/libxml2 -isysroot /Applications/Xcode.app/Contents/Developer/Platforms/iPhoneOS.platform/Developer/SDKs/iPhoneOS.sdk  -arch arm64 -isysroot  /Applications/Xcode.app/Contents/Developer/Platforms/iPhoneOS.platform/Developer/SDKs/iPhoneOS.sdk  -miphoneos-version-min=14.5 conftest.c  >&5
configure:13002: $? = 0
configure:13002: result: yes
configure:13011: checking for working mmap
configure:13168: result: no
configure:13236: checking for memcpy
configure:13236: /Applications/Xcode.app/Contents/Developer/Toolchains/XcodeDefault.xctoolchain/usr/bin/clang -o conftest -arch arm64 -pipe -mdynamic-no-pic -std=c99 -Wno-trigraphs -fpascal-strings -O2 -Wreturn-type -Wunused-variable -fmessage-length=0 -fvisibility=hidden -miphoneos-version-min=14.5 -I/Applications/Xcode.app/Contents/Developer/Platforms/iPhoneOS.platform/Developer/SDKs/iPhoneOS.sdk/usr/include/libxml2 -isysroot /Applications/Xcode.app/Contents/Developer/Platforms/iPhoneOS.platform/Developer/SDKs/iPhoneOS.sdk  -arch arm64 -isysroot  /Applications/Xcode.app/Contents/Developer/Platforms/iPhoneOS.platform/Developer/SDKs/iPhoneOS.sdk  -miphoneos-version-min=14.5 conftest.c  >&5
conftest.c:54:6: warning: incompatible redeclaration of library function 'memcpy' [-Wincompatible-library-redeclaration]
char memcpy ();
     ^
conftest.c:54:6: note: 'memcpy' is a builtin with type 'void *(void *, const void *, unsigned long)'
1 warning generated.
configure:13236: $? = 0
configure:13236: result: yes
configure:13236: checking for memmove
configure:13236: /Applications/Xcode.app/Contents/Developer/Toolchains/XcodeDefault.xctoolchain/usr/bin/clang -o conftest -arch arm64 -pipe -mdynamic-no-pic -std=c99 -Wno-trigraphs -fpascal-strings -O2 -Wreturn-type -Wunused-variable -fmessage-length=0 -fvisibility=hidden -miphoneos-version-min=14.5 -I/Applications/Xcode.app/Contents/Developer/Platforms/iPhoneOS.platform/Developer/SDKs/iPhoneOS.sdk/usr/include/libxml2 -isysroot /Applications/Xcode.app/Contents/Developer/Platforms/iPhoneOS.platform/Developer/SDKs/iPhoneOS.sdk  -arch arm64 -isysroot  /Applications/Xcode.app/Contents/Developer/Platforms/iPhoneOS.platform/Developer/SDKs/iPhoneOS.sdk  -miphoneos-version-min=14.5 conftest.c  >&5
conftest.c:55:6: warning: incompatible redeclaration of library function 'memmove' [-Wincompatible-library-redeclaration]
char memmove ();
     ^
conftest.c:55:6: note: 'memmove' is a builtin with type 'void *(void *, const void *, unsigned long)'
1 warning generated.
configure:13236: $? = 0
configure:13236: result: yes
configure:13288: checking gcc compiler flag -pedantic to assure ANSI C works correctly
configure:13315: /Applications/Xcode.app/Contents/Developer/Toolchains/XcodeDefault.xctoolchain/usr/bin/clang -c -arch arm64 -pipe -mdynamic-no-pic -std=c99 -Wno-trigraphs -fpascal-strings -O2 -Wreturn-type -Wunused-variable -fmessage-length=0 -fvisibility=hidden -miphoneos-version-min=14.5 -I/Applications/Xcode.app/Contents/Developer/Platforms/iPhoneOS.platform/Developer/SDKs/iPhoneOS.sdk/usr/include/libxml2 -isysroot /Applications/Xcode.app/Contents/Developer/Platforms/iPhoneOS.platform/Developer/SDKs/iPhoneOS.sdk  -pedantic  conftest.c >&5
configure:13315: $? = 0
configure:13316: result: ok, adding to XX_ANSIFLAGS
configure:13288: checking gcc compiler flag -ansi to assure ANSI C works correctly
configure:13315: /Applications/Xcode.app/Contents/Developer/Toolchains/XcodeDefault.xctoolchain/usr/bin/clang -c -arch arm64 -pipe -mdynamic-no-pic -std=c99 -Wno-trigraphs -fpascal-strings -O2 -Wreturn-type -Wunused-variable -fmessage-length=0 -fvisibility=hidden -miphoneos-version-min=14.5 -I/Applications/Xcode.app/Contents/Developer/Platforms/iPhoneOS.platform/Developer/SDKs/iPhoneOS.sdk/usr/include/libxml2 -isysroot /Applications/Xcode.app/Contents/Developer/Platforms/iPhoneOS.platform/Developer/SDKs/iPhoneOS.sdk  -pedantic -ansi  conftest.c >&5
configure:13315: $? = 0
configure:13316: result: ok, adding to XX_ANSIFLAGS
configure:13350: checking for -fvisibility=hidden compiler flag
configure:13365: /Applications/Xcode.app/Contents/Developer/Toolchains/XcodeDefault.xctoolchain/usr/bin/clang -o conftest -arch arm64 -pipe -mdynamic-no-pic -std=c99 -Wno-trigraphs -fpascal-strings -O2 -Wreturn-type -Wunused-variable -fmessage-length=0 -fvisibility=hidden -miphoneos-version-min=14.5 -I/Applications/Xcode.app/Contents/Developer/Platforms/iPhoneOS.platform/Developer/SDKs/iPhoneOS.sdk/usr/include/libxml2 -isysroot /Applications/Xcode.app/Contents/Developer/Platforms/iPhoneOS.platform/Developer/SDKs/iPhoneOS.sdk -fvisibility=hidden  -arch arm64 -isysroot  /Applications/Xcode.app/Contents/Developer/Platforms/iPhoneOS.platform/Developer/SDKs/iPhoneOS.sdk  -miphoneos-version-min=14.5 conftest.c  >&5
configure:13365: $? = 0
configure:13367: result: yes
configure:13440: $PKG_CONFIG --exists --print-errors "$zlib_pkg"
configure:13443: $? = 0
configure:13450: checking for ZLIB
configure:13457: $PKG_CONFIG --exists --print-errors "$zlib_pkg"
configure:13460: $? = 0
configure:13474: $PKG_CONFIG --exists --print-errors "$zlib_pkg"
configure:13477: $? = 0
configure:13515: result: yes
configure:13610: $PKG_CONFIG --exists --print-errors "$bzip2_pkg"
Package bzip2 was not found in the pkg-config search path.
Perhaps you should add the directory containing `bzip2.pc'
to the PKG_CONFIG_PATH environment variable
No package 'bzip2' found
configure:13613: $? = 1
configure:13620: checking for BZIP2
configure:13627: $PKG_CONFIG --exists --print-errors "$bzip2_pkg"
Package bzip2 was not found in the pkg-config search path.
Perhaps you should add the directory containing `bzip2.pc'
to the PKG_CONFIG_PATH environment variable
No package 'bzip2' found
configure:13630: $? = 1
configure:13644: $PKG_CONFIG --exists --print-errors "$bzip2_pkg"
Package bzip2 was not found in the pkg-config search path.
Perhaps you should add the directory containing `bzip2.pc'
to the PKG_CONFIG_PATH environment variable
No package 'bzip2' found
configure:13647: $? = 1
configure:13661: result: no
No package 'bzip2' found
configure:13705: checking for BZ2_bzDecompress in -lbz2
configure:13730: /Applications/Xcode.app/Contents/Developer/Toolchains/XcodeDefault.xctoolchain/usr/bin/clang -o conftest -arch arm64 -pipe -mdynamic-no-pic -std=c99 -Wno-trigraphs -fpascal-strings -O2 -Wreturn-type -Wunused-variable -fmessage-length=0 -fvisibility=hidden -miphoneos-version-min=14.5 -I/Applications/Xcode.app/Contents/Developer/Platforms/iPhoneOS.platform/Developer/SDKs/iPhoneOS.sdk/usr/include/libxml2 -isysroot /Applications/Xcode.app/Contents/Developer/Platforms/iPhoneOS.platform/Developer/SDKs/iPhoneOS.sdk -fvisibility=hidden  -arch arm64 -isysroot  /Applications/Xcode.app/Contents/Developer/Platforms/iPhoneOS.platform/Developer/SDKs/iPhoneOS.sdk  -miphoneos-version-min=14.5 conftest.c -lbz2   >&5
configure:13730: $? = 0
configure:13739: result: yes
configure:13742: checking bzlib.h usability
configure:13742: /Applications/Xcode.app/Contents/Developer/Toolchains/XcodeDefault.xctoolchain/usr/bin/clang -c -arch arm64 -pipe -mdynamic-no-pic -std=c99 -Wno-trigraphs -fpascal-strings -O2 -Wreturn-type -Wunused-variable -fmessage-length=0 -fvisibility=hidden -miphoneos-version-min=14.5 -I/Applications/Xcode.app/Contents/Developer/Platforms/iPhoneOS.platform/Developer/SDKs/iPhoneOS.sdk/usr/include/libxml2 -isysroot /Applications/Xcode.app/Contents/Developer/Platforms/iPhoneOS.platform/Developer/SDKs/iPhoneOS.sdk -fvisibility=hidden  conftest.c >&5
configure:13742: $? = 0
configure:13742: result: yes
configure:13742: checking bzlib.h presence
configure:13742: /Applications/Xcode.app/Contents/Developer/Toolchains/XcodeDefault.xctoolchain/usr/bin/clang++  conftest.c
clang: warning: treating 'c' input as 'c++' when in C++ mode, this behavior is deprecated [-Wdeprecated]
conftest.c:33:10: fatal error: 'bzlib.h' file not found
#include <bzlib.h>
         ^~~~~~~~~
1 error generated.
configure:13742: $? = 1
configure: failed program was:
| /* confdefs.h */
| #define PACKAGE_NAME "FreeType"
| #define PACKAGE_TARNAME "freetype"
| #define PACKAGE_VERSION "2.10.4"
| #define PACKAGE_STRING "FreeType 2.10.4"
| #define PACKAGE_BUGREPORT "freetype@nongnu.org"
| #define PACKAGE_URL ""
| #define HAVE_SYS_TYPES_H 1
| #define HAVE_SYS_STAT_H 1
| #define HAVE_STDLIB_H 1
| #define HAVE_STRING_H 1
| #define HAVE_MEMORY_H 1
| #define HAVE_STRINGS_H 1
| #define HAVE_INTTYPES_H 1
| #define HAVE_STDINT_H 1
| #define HAVE_UNISTD_H 1
| #define HAVE_DLFCN_H 1
| #define LT_OBJDIR ".libs/"
| #define HAVE_FCNTL_H 1
| #define HAVE_UNISTD_H 1
| #define SIZEOF_INT 4
| #define SIZEOF_LONG 8
| #define HAVE_UNSIGNED_LONG_LONG_INT 1
| #define HAVE_LONG_LONG_INT 1
| #define FT_USE_AUTOCONF_SIZEOF_TYPES /**/
| #define HAVE_STDLIB_H 1
| #define HAVE_UNISTD_H 1
| #define HAVE_SYS_PARAM_H 1
| #define HAVE_GETPAGESIZE 1
| #define HAVE_MEMCPY 1
| #define HAVE_MEMMOVE 1
| /* end confdefs.h.  */
| #include <bzlib.h>
configure:13742: result: no
configure:13742: checking for bzlib.h
configure:13742: result: yes
configure:13780: $PKG_CONFIG --exists --print-errors "$libpng_pkg"
configure:13783: $? = 0
configure:13790: checking for LIBPNG
configure:13797: $PKG_CONFIG --exists --print-errors "$libpng_pkg"
configure:13800: $? = 0
configure:13814: $PKG_CONFIG --exists --print-errors "$libpng_pkg"
configure:13817: $? = 0
configure:13855: result: yes
configure:13916: $PKG_CONFIG --exists --print-errors "$harfbuzz_pkg"
configure:13919: $? = 0
configure:13926: checking for HARFBUZZ
configure:13933: $PKG_CONFIG --exists --print-errors "$harfbuzz_pkg"
configure:13936: $? = 0
configure:13950: $PKG_CONFIG --exists --print-errors "$harfbuzz_pkg"
configure:13953: $? = 0
configure:13991: result: yes
configure:14040: $PKG_CONFIG --exists --print-errors "$brotli_pkg"
Package libbrotlidec was not found in the pkg-config search path.
Perhaps you should add the directory containing `libbrotlidec.pc'
to the PKG_CONFIG_PATH environment variable
No package 'libbrotlidec' found
configure:14043: $? = 1
configure:14050: checking for BROTLI
configure:14057: $PKG_CONFIG --exists --print-errors "$brotli_pkg"
Package libbrotlidec was not found in the pkg-config search path.
Perhaps you should add the directory containing `libbrotlidec.pc'
to the PKG_CONFIG_PATH environment variable
No package 'libbrotlidec' found
configure:14060: $? = 1
configure:14074: $PKG_CONFIG --exists --print-errors "$brotli_pkg"
Package libbrotlidec was not found in the pkg-config search path.
Perhaps you should add the directory containing `libbrotlidec.pc'
to the PKG_CONFIG_PATH environment variable
No package 'libbrotlidec' found
configure:14077: $? = 1
configure:14091: result: no
No package 'libbrotlidec' found
configure:14154: checking for library containing clock_gettime
configure:14185: /Applications/Xcode.app/Contents/Developer/Toolchains/XcodeDefault.xctoolchain/usr/bin/clang -o conftest -arch arm64 -pipe -mdynamic-no-pic -std=c99 -Wno-trigraphs -fpascal-strings -O2 -Wreturn-type -Wunused-variable -fmessage-length=0 -fvisibility=hidden -miphoneos-version-min=14.5 -I/Applications/Xcode.app/Contents/Developer/Platforms/iPhoneOS.platform/Developer/SDKs/iPhoneOS.sdk/usr/include/libxml2 -isysroot /Applications/Xcode.app/Contents/Developer/Platforms/iPhoneOS.platform/Developer/SDKs/iPhoneOS.sdk -fvisibility=hidden  -arch arm64 -isysroot  /Applications/Xcode.app/Contents/Developer/Platforms/iPhoneOS.platform/Developer/SDKs/iPhoneOS.sdk  -miphoneos-version-min=14.5 conftest.c  >&5
configure:14185: $? = 0
configure:14202: result: none required
configure:14228: checking whether CFLAGS and LDFLAGS share -arch arm64
configure:14232: result: yes
configure:14228: checking whether CFLAGS and LDFLAGS share -isysroot /Applications/Xcode.app/Contents/Developer/Platforms/iPhoneOS.platform/Developer/SDKs/iPhoneOS.sdk
configure:14232: result: yes
configure:14801: checking for python3
configure:14817: found /usr/local/bin/python3
configure:14828: result: python3
configure:14849: checking for python version
configure:14854: result: 3.9.4
configure:14914: checking for `docwriter' Python module
configure:14922: result: no
configure:15171: creating ./config.status

## ---------------------- ##
## Running config.status. ##
## ---------------------- ##

This file was extended by FreeType config.status 2.10.4, which was
generated by GNU Autoconf 2.69.  Invocation command line was

  CONFIG_FILES    = 
  CONFIG_HEADERS  = 
  CONFIG_LINKS    = 
  CONFIG_COMMANDS = 
  $ ./config.status 

on B16

config.status:1147: creating ftoption.h
config.status:1147: creating unix-cc.mk
config.status:1147: creating unix-def.mk
config.status:1147: creating ftconfig.h
config.status:1328: ftconfig.h is unchanged
config.status:1342: executing libtool commands
configure:17417:

Library configuration:
  external zlib: yes (pkg-config)
  bzip2:         yes (autoconf test)
  libpng:        yes (pkg-config)
  harfbuzz:      yes (pkg-config)
  brotli:        no

configure:17436: WARNING:
  `make refdoc' will fail since pip package `docwriter' is not installed.
  To install, run `python3 -m pip install docwriter', or to use a Python
  virtual environment, run `make refdoc-venv' (requires pip package
  `virtualenv'). These operations require Python >= 3.5.
  

## ---------------- ##
## Cache variables. ##
## ---------------- ##

ac_cv_build=x86_64-apple-darwin20.3.0
ac_cv_c_compiler_gnu=yes
ac_cv_c_const=yes
ac_cv_env_BROTLI_CFLAGS_set=
ac_cv_env_BROTLI_CFLAGS_value=
ac_cv_env_BROTLI_LIBS_set=
ac_cv_env_BROTLI_LIBS_value=
ac_cv_env_BZIP2_CFLAGS_set=
ac_cv_env_BZIP2_CFLAGS_value=
ac_cv_env_BZIP2_LIBS_set=
ac_cv_env_BZIP2_LIBS_value=
ac_cv_env_CC_set=set
ac_cv_env_CC_value=/Applications/Xcode.app/Contents/Developer/Toolchains/XcodeDefault.xctoolchain/usr/bin/clang
ac_cv_env_CFLAGS_set=set
ac_cv_env_CFLAGS_value='-arch arm64 -pipe -mdynamic-no-pic -std=c99 -Wno-trigraphs -fpascal-strings -O2 -Wreturn-type -Wunused-variable -fmessage-length=0 -fvisibility=hidden -miphoneos-version-min=14.5 -I/Applications/Xcode.app/Contents/Developer/Platforms/iPhoneOS.platform/Developer/SDKs/iPhoneOS.sdk/usr/include/libxml2 -isysroot /Applications/Xcode.app/Contents/Developer/Platforms/iPhoneOS.platform/Developer/SDKs/iPhoneOS.sdk'
ac_cv_env_CPPFLAGS_set=
ac_cv_env_CPPFLAGS_value=
ac_cv_env_CPP_set=set
ac_cv_env_CPP_value=/Applications/Xcode.app/Contents/Developer/Toolchains/XcodeDefault.xctoolchain/usr/bin/clang++
ac_cv_env_HARFBUZZ_CFLAGS_set=
ac_cv_env_HARFBUZZ_CFLAGS_value=
ac_cv_env_HARFBUZZ_LIBS_set=
ac_cv_env_HARFBUZZ_LIBS_value=
ac_cv_env_LDFLAGS_set=set
ac_cv_env_LDFLAGS_value='-arch arm64 -isysroot  /Applications/Xcode.app/Contents/Developer/Platforms/iPhoneOS.platform/Developer/SDKs/iPhoneOS.sdk  -miphoneos-version-min=14.5'
ac_cv_env_LIBPNG_CFLAGS_set=
ac_cv_env_LIBPNG_CFLAGS_value=
ac_cv_env_LIBPNG_LIBS_set=
ac_cv_env_LIBPNG_LIBS_value=
ac_cv_env_LIBS_set=
ac_cv_env_LIBS_value=
ac_cv_env_LT_SYS_LIBRARY_PATH_set=
ac_cv_env_LT_SYS_LIBRARY_PATH_value=
ac_cv_env_PKG_CONFIG_LIBDIR_set=
ac_cv_env_PKG_CONFIG_LIBDIR_value=
ac_cv_env_PKG_CONFIG_PATH_set=
ac_cv_env_PKG_CONFIG_PATH_value=
ac_cv_env_PKG_CONFIG_set=
ac_cv_env_PKG_CONFIG_value=
ac_cv_env_ZLIB_CFLAGS_set=
ac_cv_env_ZLIB_CFLAGS_value=
ac_cv_env_ZLIB_LIBS_set=
ac_cv_env_ZLIB_LIBS_value=
ac_cv_env_build_alias_set=
ac_cv_env_build_alias_value=
ac_cv_env_host_alias_set=set
ac_cv_env_host_alias_value=arm-apple-darwin
ac_cv_env_target_alias_set=
ac_cv_env_target_alias_value=
ac_cv_func_getpagesize=yes
ac_cv_func_memcpy=yes
ac_cv_func_memmove=yes
ac_cv_func_mmap_fixed_mapped=no
ac_cv_header_bzlib_h=yes
ac_cv_header_dlfcn_h=yes
ac_cv_header_fcntl_h=yes
ac_cv_header_inttypes_h=yes
ac_cv_header_memory_h=yes
ac_cv_header_stdc=no
ac_cv_header_stdint_h=yes
ac_cv_header_stdlib_h=yes
ac_cv_header_string_h=yes
ac_cv_header_strings_h=yes
ac_cv_header_sys_param_h=yes
ac_cv_header_sys_stat_h=yes
ac_cv_header_sys_types_h=yes
ac_cv_header_unistd_h=yes
ac_cv_header_windows_h=no
ac_cv_host=arm-apple-darwin
ac_cv_lib_bz2_BZ2_bzDecompress=yes
ac_cv_objext=o
ac_cv_path_EGREP='/usr/bin/grep -E'
ac_cv_path_FGREP='/usr/bin/grep -F'
ac_cv_path_GREP=/usr/bin/grep
ac_cv_path_SED=/usr/local/opt/gnu-sed/libexec/gnubin/sed
ac_cv_path_ac_pt_PKG_CONFIG=/usr/local/bin/pkg-config
ac_cv_path_install='/usr/local/bin/ginstall -c'
ac_cv_path_lt_DD=/bin/dd
ac_cv_path_mkdir=/usr/local/bin/gmkdir
ac_cv_prog_AR=/Applications/Xcode.app/Contents/Developer/Toolchains/XcodeDefault.xctoolchain/usr/bin/ar
ac_cv_prog_AWK=gawk
ac_cv_prog_CC=/Applications/Xcode.app/Contents/Developer/Toolchains/XcodeDefault.xctoolchain/usr/bin/clang
ac_cv_prog_CC_BUILD=gcc
ac_cv_prog_CPP=/Applications/Xcode.app/Contents/Developer/Toolchains/XcodeDefault.xctoolchain/usr/bin/clang++
ac_cv_prog_PYTHON=python3
ac_cv_prog_ac_ct_DSYMUTIL=dsymutil
ac_cv_prog_ac_ct_DUMPBIN='link -dump'
ac_cv_prog_ac_ct_LIPO=lipo
ac_cv_prog_ac_ct_NMEDIT=nmedit
ac_cv_prog_ac_ct_OBJDUMP=objdump
ac_cv_prog_ac_ct_OTOOL=otool
ac_cv_prog_ac_ct_RANLIB=ranlib
ac_cv_prog_ac_ct_STRIP=strip
ac_cv_prog_cc_c89=
ac_cv_prog_cc_g=yes
ac_cv_search_clock_gettime='none required'
ac_cv_sizeof_int=4
ac_cv_sizeof_long=8
ac_cv_sys_file_offset_bits=no
ac_cv_sys_largefile_CC=no
ac_cv_type_long_long_int=yes
ac_cv_type_unsigned_long_long_int=yes
lt_cv_apple_cc_single_mod=yes
lt_cv_ar_at_file=no
lt_cv_deplibs_check_method=pass_all
lt_cv_file_magic_cmd='$MAGIC_CMD'
lt_cv_file_magic_test_file=
lt_cv_ld_exported_symbols_list=yes
lt_cv_ld_force_load=yes
lt_cv_ld_reload_flag=-r
lt_cv_nm_interface='BSD nm'
lt_cv_objdir=.libs
lt_cv_path_LD=/Applications/Xcode.app/Contents/Developer/Toolchains/XcodeDefault.xctoolchain/usr/bin/ld
lt_cv_path_NM=no
lt_cv_path_mainfest_tool=no
lt_cv_prog_compiler_c_o=yes
lt_cv_prog_compiler_pic='-fno-common -DPIC'
lt_cv_prog_compiler_pic_works=yes
lt_cv_prog_compiler_rtti_exceptions=yes
lt_cv_prog_compiler_static_works=no
lt_cv_prog_gnu_ld=no
lt_cv_sharedlib_from_linklib_cmd='printf %s\n'
lt_cv_sys_global_symbol_pipe='sed -n -e '\''s/^.*[	 ]\([BCDEGRST][BCDEGRST]*\)[	 ][	 ]*_\([_A-Za-z][_A-Za-z0-9]*\)$/\1 _\2 \2/p'\'' | sed '\''/ __gnu_lto/d'\'''
lt_cv_sys_global_symbol_to_c_name_address='sed -n -e '\''s/^: \(.*\) .*$/  {"\1", (void *) 0},/p'\'' -e '\''s/^[BCDEGRST][BCDEGRST]* .* \(.*\)$/  {"\1", (void *) \&\1},/p'\'''
lt_cv_sys_global_symbol_to_c_name_address_lib_prefix='sed -n -e '\''s/^: \(.*\) .*$/  {"\1", (void *) 0},/p'\'' -e '\''s/^[BCDEGRST][BCDEGRST]* .* \(lib.*\)$/  {"\1", (void *) \&\1},/p'\'' -e '\''s/^[BCDEGRST][BCDEGRST]* .* \(.*\)$/  {"lib\1", (void *) \&\1},/p'\'''
lt_cv_sys_global_symbol_to_cdecl='sed -n -e '\''s/^T .* \(.*\)$/extern int \1();/p'\'' -e '\''s/^[BCDEGRST][BCDEGRST]* .* \(.*\)$/extern char \1;/p'\'''
lt_cv_sys_global_symbol_to_import=
lt_cv_sys_max_cmd_len=786432
lt_cv_to_host_file_cmd=func_convert_file_noop
lt_cv_to_tool_file_cmd=func_convert_file_noop
lt_cv_truncate_bin='/bin/dd bs=4096 count=1'
pkg_cv_HARFBUZZ_CFLAGS='-I/usr/local/Cellar/harfbuzz/2.8.0/include/harfbuzz -I/usr/local/opt/freetype/include/freetype2 -I/usr/local/Cellar/graphite2/1.3.14/include -I/usr/local/Cellar/glib/2.68.1/include/glib-2.0 -I/usr/local/Cellar/glib/2.68.1/lib/glib-2.0/include -I/usr/local/opt/gettext/include -I/usr/local/Cellar/pcre/8.44/include'
pkg_cv_HARFBUZZ_LIBS='-L/usr/local/Cellar/harfbuzz/2.8.0/lib -lharfbuzz'
pkg_cv_LIBPNG_CFLAGS=-I/usr/local/Cellar/libpng/1.6.37/include/libpng16
pkg_cv_LIBPNG_LIBS='-L/usr/local/Cellar/libpng/1.6.37/lib -lpng16 -lz'
pkg_cv_ZLIB_CFLAGS=
pkg_cv_ZLIB_LIBS=-lz

## ----------------- ##
## Output variables. ##
## ----------------- ##

AR='/Applications/Xcode.app/Contents/Developer/Toolchains/XcodeDefault.xctoolchain/usr/bin/ar'
AS='as'
AWK='gawk'
BROTLI_CFLAGS=''
BROTLI_LIBS=''
BZIP2_CFLAGS=''
BZIP2_LIBS='-lbz2'
CC='/Applications/Xcode.app/Contents/Developer/Toolchains/XcodeDefault.xctoolchain/usr/bin/clang'
CC_BUILD='gcc'
CFLAGS='-arch arm64 -pipe -mdynamic-no-pic -std=c99 -Wno-trigraphs -fpascal-strings -O2 -Wreturn-type -Wunused-variable -fmessage-length=0 -fvisibility=hidden -miphoneos-version-min=14.5 -I/Applications/Xcode.app/Contents/Developer/Platforms/iPhoneOS.platform/Developer/SDKs/iPhoneOS.sdk/usr/include/libxml2 -isysroot /Applications/Xcode.app/Contents/Developer/Platforms/iPhoneOS.platform/Developer/SDKs/iPhoneOS.sdk -fvisibility=hidden -DDARWIN_NO_CARBON   -I/usr/local/Cellar/libpng/1.6.37/include/libpng16 -I/usr/local/Cellar/harfbuzz/2.8.0/include/harfbuzz -I/usr/local/opt/freetype/include/freetype2 -I/usr/local/Cellar/graphite2/1.3.14/include -I/usr/local/Cellar/glib/2.68.1/include/glib-2.0 -I/usr/local/Cellar/glib/2.68.1/lib/glib-2.0/include -I/usr/local/opt/gettext/include -I/usr/local/Cellar/pcre/8.44/include'
CPP='/Applications/Xcode.app/Contents/Developer/Toolchains/XcodeDefault.xctoolchain/usr/bin/clang++'
CPPFLAGS=''
DEFS='-DHAVE_CONFIG_H'
DLLTOOL='false'
DSYMUTIL='dsymutil'
DUMPBIN=':'
ECHO_C='\c'
ECHO_N=''
ECHO_T=''
EGREP='/usr/bin/grep -E'
EXEEXT=''
EXEEXT_BUILD=''
FGREP='/usr/bin/grep -F'
FTSYS_SRC='$(BASE_DIR)/ftsystem.c'
GREP='/usr/bin/grep'
HARFBUZZ_CFLAGS='-I/usr/local/Cellar/harfbuzz/2.8.0/include/harfbuzz -I/usr/local/opt/freetype/include/freetype2 -I/usr/local/Cellar/graphite2/1.3.14/include -I/usr/local/Cellar/glib/2.68.1/include/glib-2.0 -I/usr/local/Cellar/glib/2.68.1/lib/glib-2.0/include -I/usr/local/opt/gettext/include -I/usr/local/Cellar/pcre/8.44/include'
HARFBUZZ_LIBS='-L/usr/local/Cellar/harfbuzz/2.8.0/lib -lharfbuzz'
INSTALL_DATA='${INSTALL} -m 644'
INSTALL_FT2_CONFIG='FALSE'
INSTALL_PROGRAM='${INSTALL}'
INSTALL_SCRIPT='${INSTALL}'
LD='/Applications/Xcode.app/Contents/Developer/Toolchains/XcodeDefault.xctoolchain/usr/bin/ld'
LDFLAGS='-arch arm64 -isysroot  /Applications/Xcode.app/Contents/Developer/Platforms/iPhoneOS.platform/Developer/SDKs/iPhoneOS.sdk  -miphoneos-version-min=14.5 -lz -lbz2 -L/usr/local/Cellar/libpng/1.6.37/lib -lpng16 -lz -L/usr/local/Cellar/harfbuzz/2.8.0/lib -lharfbuzz'
LIBOBJS=''
LIBPNG_CFLAGS='-I/usr/local/Cellar/libpng/1.6.37/include/libpng16'
LIBPNG_LIBS='-L/usr/local/Cellar/libpng/1.6.37/lib -lpng16 -lz'
LIBS=''
LIBSSTATIC_CONFIG='-lfreetype -lz -lbz2 -L/usr/local/Cellar/libpng/1.6.37/lib -lpng16 -lz -L/usr/local/Cellar/harfbuzz/2.8.0/lib -L/usr/local/opt/freetype/lib -L/usr/local/Cellar/libpng/1.6.37/lib -L/usr/local/Cellar/graphite2/1.3.14/lib -L/usr/local/Cellar/glib/2.68.1/lib -L/usr/local/opt/gettext/lib -L/usr/local/Cellar/pcre/8.44/lib -lharfbuzz -lm -framework ApplicationServices -lfreetype -lz -lbz2 -lpng16 -lz -lgraphite2 -lglib-2.0 -lintl -Wl,-framework,CoreFoundation -Wl,-framework,Carbon -Wl,-framework,Foundation -Wl,-framework,AppKit -liconv -lm -lpcre -D_THREAD_SAFE -pthread'
LIBS_PRIVATE='-lbz2'
LIBTOOL='$(SHELL) $(top_builddir)/libtool'
LIB_CLOCK_GETTIME=''
LIPO='lipo'
LN_S='ln -s'
LTLIBOBJS=''
LT_SYS_LIBRARY_PATH=''
MANIFEST_TOOL=':'
MKDIR_P='/usr/local/bin/gmkdir -p'
NM='nm'
NMEDIT='nmedit'
OBJDUMP='objdump'
OBJEXT='o'
OTOOL64=':'
OTOOL='otool'
PACKAGE_BUGREPORT='freetype@nongnu.org'
PACKAGE_NAME='FreeType'
PACKAGE_STRING='FreeType 2.10.4'
PACKAGE_TARNAME='freetype'
PACKAGE_URL=''
PACKAGE_VERSION='2.10.4'
PATH_SEPARATOR=':'
PKG_CONFIG='/usr/local/bin/pkg-config'
PKG_CONFIG_LIBDIR=''
PKG_CONFIG_PATH=''
PYTHON='python3'
PYTHON_VERSION='3.9.4'
RANLIB='ranlib'
RC=''
REQUIRES_PRIVATE='zlib, libpng, harfbuzz >= 1.8.0'
SED='/usr/local/opt/gnu-sed/libexec/gnubin/sed'
SHELL='/bin/sh'
STRIP='strip'
XX_ANSIFLAGS=' -pedantic -ansi'
XX_CFLAGS='-Wall'
ZLIB_CFLAGS=''
ZLIB_LIBS='-lz'
ac_ct_AR=''
ac_ct_CC=''
ac_ct_DUMPBIN='link -dump'
bindir='${exec_prefix}/bin'
build='x86_64-apple-darwin20.3.0'
build_alias=''
build_cpu='x86_64'
build_libtool_libs=''
build_os='darwin20.3.0'
build_vendor='apple'
datadir='${datarootdir}'
datarootdir='${prefix}/share'
docdir='${datarootdir}/doc/${PACKAGE_TARNAME}'
dvidir='${docdir}'
exec_prefix='${prefix}'
ft_version='23.4.17'
ftmac_c=''
hardcode_libdir_flag_spec=''
host='arm-apple-darwin'
host_alias='arm-apple-darwin'
host_cpu='arm'
host_os='darwin'
host_vendor='apple'
htmldir='${docdir}'
includedir='${prefix}/include'
infodir='${datarootdir}/info'
libdir='${exec_prefix}/lib'
libexecdir='${exec_prefix}/libexec'
localedir='${datarootdir}/locale'
localstatedir='${prefix}/var'
mandir='${datarootdir}/man'
oldincludedir='/usr/include'
pdfdir='${docdir}'
prefix='/usr/local/iphone'
program_transform_name='s,x,x,'
psdir='${docdir}'
sbindir='${exec_prefix}/sbin'
sharedstatedir='${prefix}/com'
sysconfdir='${prefix}/etc'
target_alias=''
version_info='23:4:17'
wl='-Wl,'

## ----------- ##
## confdefs.h. ##
## ----------- ##

/* confdefs.h */
#define PACKAGE_NAME "FreeType"
#define PACKAGE_TARNAME "freetype"
#define PACKAGE_VERSION "2.10.4"
#define PACKAGE_STRING "FreeType 2.10.4"
#define PACKAGE_BUGREPORT "freetype@nongnu.org"
#define PACKAGE_URL ""
#define HAVE_SYS_TYPES_H 1
#define HAVE_SYS_STAT_H 1
#define HAVE_STDLIB_H 1
#define HAVE_STRING_H 1
#define HAVE_MEMORY_H 1
#define HAVE_STRINGS_H 1
#define HAVE_INTTYPES_H 1
#define HAVE_STDINT_H 1
#define HAVE_UNISTD_H 1
#define HAVE_DLFCN_H 1
#define LT_OBJDIR ".libs/"
#define HAVE_FCNTL_H 1
#define HAVE_UNISTD_H 1
#define SIZEOF_INT 4
#define SIZEOF_LONG 8
#define HAVE_UNSIGNED_LONG_LONG_INT 1
#define HAVE_LONG_LONG_INT 1
#define FT_USE_AUTOCONF_SIZEOF_TYPES /**/
#define HAVE_STDLIB_H 1
#define HAVE_UNISTD_H 1
#define HAVE_SYS_PARAM_H 1
#define HAVE_GETPAGESIZE 1
#define HAVE_MEMCPY 1
#define HAVE_MEMMOVE 1

configure: exit 0
